2023-03-29 15:00:01,146 [INFO] Activator:179 - 


2023-03-29 15:00:01,147 [INFO] Activator:180 - !SESSION log4j initialized
2023-03-29 15:00:52,109 [ERROR] LogOutputStream:74 - [STDERR_REDIRECT] SLF4J: Failed to load class "org.slf4j.impl.StaticLoggerBinder".
2023-03-29 15:00:52,114 [ERROR] LogOutputStream:74 - [STDERR_REDIRECT] SLF4J: Defaulting to no-operation (NOP) logger implementation
2023-03-29 15:00:52,114 [ERROR] LogOutputStream:74 - [STDERR_REDIRECT] SLF4J: See http://www.slf4j.org/codes.html#StaticLoggerBinder for further details.
2023-03-31 17:15:04,788 [INFO] Activator:179 - 


2023-03-31 17:15:04,788 [INFO] Activator:180 - !SESSION log4j initialized
2023-03-31 17:15:56,358 [ERROR] LogOutputStream:74 - [STDERR_REDIRECT] SLF4J: Failed to load class "org.slf4j.impl.StaticLoggerBinder".
2023-03-31 17:15:56,358 [ERROR] LogOutputStream:74 - [STDERR_REDIRECT] SLF4J: Defaulting to no-operation (NOP) logger implementation
2023-03-31 17:15:56,363 [ERROR] LogOutputStream:74 - [STDERR_REDIRECT] SLF4J: See http://www.slf4j.org/codes.html#StaticLoggerBinder for further details.
2023-03-31 17:25:00,266 [INFO] McuFinderGlobals:52 - Set McuFinder mode to 2 (CubeIDE integrated)
2023-03-31 17:25:02,525 [INFO] ApplicationProperties:181 - Using Application install path: C:\ST\STM32CubeIDE_1.11.0\STM32CubeIDE\plugins\com.st.stm32cube.common.mx_6.7.0.202211181646
2023-03-31 17:25:02,565 [INFO] DbMcusXml:77 - Set database path to: C:\ST\STM32CubeIDE_1.11.0\STM32CubeIDE\plugins\com.st.stm32cube.common.mx_6.7.0.202211181646\\db\/mcu/
2023-03-31 17:25:02,565 [INFO] ApiDb:273 - Set plugin database path to: C:\ST\STM32CubeIDE_1.11.0\STM32CubeIDE\plugins\com.st.stm32cube.common.mx_6.7.0.202211181646\\db\/plugins/boardmanager/
2023-03-31 17:25:02,572 [WARN] ApiDb:258 - Overriding images path with different value:  => C:\ST\STM32CubeIDE_1.11.0\STM32CubeIDE\plugins\com.st.stm32cube.common.mx_6.7.0.202211181646\\db\/plugins/mcufinder/images/
2023-03-31 17:25:02,595 [INFO] ApiDb:249 - Set database path to: C:\Users\Jeremy\.stmcufinder\plugins\mcufinder//mcu/
2023-03-31 17:25:02,601 [INFO] DbMcusAds:124 - Set database path to: C:\Users\Jeremy\.stmcufinder\plugins\mcufinder//mcu/
2023-03-31 17:25:02,619 [INFO] CrossReferenceDbSqlite:202 - Set database path to: C:\Users\Jeremy\.stmcufinder\plugins\mcufinder//mcu/cs/
2023-03-31 17:25:02,816 [INFO] RulesReader:61 - Compatibility file has been processed (283 Rules)
2023-03-31 17:25:02,976 [INFO] DbMcusXml:77 - Set database path to: C:\ST\STM32CubeIDE_1.11.0\STM32CubeIDE\plugins\com.st.stm32cube.common.mx_6.7.0.202211181646\\db\/mcu/
2023-03-31 17:25:02,976 [INFO] ApiDb:273 - Set plugin database path to: C:\ST\STM32CubeIDE_1.11.0\STM32CubeIDE\plugins\com.st.stm32cube.common.mx_6.7.0.202211181646\\db\/plugins/boardmanager/
2023-03-31 17:25:02,978 [INFO] ApiDb:260 - Set plugin images path to: C:\ST\STM32CubeIDE_1.11.0\STM32CubeIDE\plugins\com.st.stm32cube.common.mx_6.7.0.202211181646\\db\/plugins/mcufinder/images/
2023-03-31 17:25:02,978 [WARN] DbFile:40 - Overriding database path with different value: C:\Users\Jeremy\.stmcufinder\plugins\mcufinder/ => C:\Users\Jeremy\.stmcufinder\plugins\mcufinder
2023-03-31 17:25:02,978 [INFO] ApiDb:249 - Set database path to: C:\Users\Jeremy\.stmcufinder\plugins\mcufinder//mcu/
2023-03-31 17:25:02,978 [WARN] DbFile:40 - Overriding database path with different value: C:\Users\Jeremy\.stmcufinder\plugins\mcufinder/ => C:\Users\Jeremy\.stmcufinder\plugins\mcufinder
2023-03-31 17:25:02,979 [INFO] DbMcusAds:124 - Set database path to: C:\Users\Jeremy\.stmcufinder\plugins\mcufinder//mcu/
2023-03-31 17:25:02,979 [WARN] DbFile:40 - Overriding database path with different value: C:\Users\Jeremy\.stmcufinder\plugins\mcufinder/ => C:\Users\Jeremy\.stmcufinder\plugins\mcufinder
2023-03-31 17:25:02,979 [WARN] DbFile:40 - Overriding database path with different value: C:\Users\Jeremy\.stmcufinder\plugins\mcufinder/ => C:\Users\Jeremy\.stmcufinder\plugins\mcufinder
2023-03-31 17:25:02,979 [INFO] CrossReferenceDbSqlite:202 - Set database path to: C:\Users\Jeremy\.stmcufinder\plugins\mcufinder//mcu/cs/
2023-03-31 17:25:03,102 [INFO] MainPanel:252 - HeapMemory: 477102080
2023-03-31 17:25:03,314 [INFO] DbMcusXml:77 - Set database path to: C:\ST\STM32CubeIDE_1.11.0\STM32CubeIDE\plugins\com.st.stm32cube.common.mx_6.7.0.202211181646\\db\/mcu/
2023-03-31 17:25:03,314 [INFO] ApiDb:273 - Set plugin database path to: C:\ST\STM32CubeIDE_1.11.0\STM32CubeIDE\plugins\com.st.stm32cube.common.mx_6.7.0.202211181646\\db\/plugins/boardmanager/
2023-03-31 17:25:03,314 [INFO] ApiDb:260 - Set plugin images path to: C:\ST\STM32CubeIDE_1.11.0\STM32CubeIDE\plugins\com.st.stm32cube.common.mx_6.7.0.202211181646\\db\/plugins/mcufinder/images/
2023-03-31 17:25:03,314 [WARN] DbFile:40 - Overriding database path with different value: C:\Users\Jeremy\.stmcufinder\plugins\mcufinder/ => C:\Users\Jeremy\.stmcufinder\plugins\mcufinder
2023-03-31 17:25:03,314 [INFO] ApiDb:249 - Set database path to: C:\Users\Jeremy\.stmcufinder\plugins\mcufinder//mcu/
2023-03-31 17:25:03,314 [WARN] DbFile:40 - Overriding database path with different value: C:\Users\Jeremy\.stmcufinder\plugins\mcufinder/ => C:\Users\Jeremy\.stmcufinder\plugins\mcufinder
2023-03-31 17:25:03,314 [INFO] DbMcusAds:124 - Set database path to: C:\Users\Jeremy\.stmcufinder\plugins\mcufinder//mcu/
2023-03-31 17:25:03,314 [WARN] DbFile:40 - Overriding database path with different value: C:\Users\Jeremy\.stmcufinder\plugins\mcufinder/ => C:\Users\Jeremy\.stmcufinder\plugins\mcufinder
2023-03-31 17:25:03,314 [WARN] DbFile:40 - Overriding database path with different value: C:\Users\Jeremy\.stmcufinder\plugins\mcufinder/ => C:\Users\Jeremy\.stmcufinder\plugins\mcufinder
2023-03-31 17:25:03,314 [INFO] CrossReferenceDbSqlite:202 - Set database path to: C:\Users\Jeremy\.stmcufinder\plugins\mcufinder//mcu/cs/
2023-03-31 17:25:03,346 [INFO] ApplicationProperties:181 - Using Application install path: C:\ST\STM32CubeIDE_1.11.0\STM32CubeIDE\plugins\com.st.stm32cube.common.mx_6.7.0.202211181646
2023-03-31 17:25:03,354 [INFO] PluginManage:193 - Search for loadable plugins [exclusion list=, ]
2023-03-31 17:25:03,354 [INFO] PluginManage:307 - Check plugin analytics
2023-03-31 17:25:03,612 [INFO] AnalyticsPlugin:262 - Accepted Software Licenses: 
2023-03-31 17:25:03,612 [INFO] AnalyticsPlugin:264 - Accepted CMSIS Pack Licenses: 
2023-03-31 17:25:03,612 [INFO] AnalyticsPlugin:266 - Accepted Firmware Licenses: 
2023-03-31 17:25:03,627 [INFO] PluginManage:356 - Loaded plugin analytics (category:tool,tabindex:-1)
2023-03-31 17:25:03,627 [INFO] PluginManage:307 - Check plugin cadmodel
2023-03-31 17:25:03,652 [INFO] CADModel:104 - Init CAD model plugin
2023-03-31 17:25:03,652 [INFO] PluginManage:356 - Loaded plugin cadmodel (category:power,tabindex:5)
2023-03-31 17:25:03,652 [INFO] PluginManage:307 - Check plugin clock
2023-03-31 17:25:03,709 [INFO] PluginManage:356 - Loaded plugin clock (category:base,tabindex:2)
2023-03-31 17:25:03,709 [INFO] PluginManage:307 - Check plugin ddr
2023-03-31 17:25:03,712 [INFO] PluginManage:356 - Loaded plugin ddr (category:tool,tabindex:6)
2023-03-31 17:25:03,712 [INFO] PluginManage:307 - Check plugin filemanager
2023-03-31 17:25:03,920 [INFO] PluginManage:356 - Loaded plugin filemanager (category:base,tabindex:10)
2023-03-31 17:25:03,920 [INFO] PluginManage:307 - Check plugin ipmanager
2023-03-31 17:25:03,934 [INFO] PluginManage:356 - Loaded plugin ipmanager (category:base,tabindex:5)
2023-03-31 17:25:03,934 [INFO] PluginManage:307 - Check plugin lpbam
2023-03-31 17:25:03,985 [INFO] PluginManage:356 - Loaded plugin lpbam (category:base,tabindex:0)
2023-03-31 17:25:03,985 [INFO] PluginManage:307 - Check plugin pinoutandconfiguration
2023-03-31 17:25:04,009 [INFO] PluginManage:356 - Loaded plugin pinoutandconfiguration (category:base,tabindex:1)
2023-03-31 17:25:04,009 [INFO] PluginManage:307 - Check plugin pinoutconfig
2023-03-31 17:25:04,051 [INFO] PluginManage:356 - Loaded plugin pinoutconfig (category:base,tabindex:0)
2023-03-31 17:25:04,051 [INFO] PluginManage:307 - Check plugin power
2023-03-31 17:25:04,088 [INFO] PluginManage:356 - Loaded plugin power (category:power,tabindex:4)
2023-03-31 17:25:04,088 [INFO] PluginManage:307 - Check plugin projectmanager
2023-03-31 17:25:04,117 [INFO] PluginManage:356 - Loaded plugin projectmanager (category:projectmanager,tabindex:3)
2023-03-31 17:25:04,117 [INFO] PluginManage:307 - Check plugin thirdparty
2023-03-31 17:25:04,447 [WARN] IntegrityCheckThread:82 - waiting for thirdparty lock release [integrity check]
2023-03-31 17:25:04,455 [INFO] PluginManage:356 - Loaded plugin thirdparty (category:base,tabindex:-1)
2023-03-31 17:25:04,455 [INFO] IntegrityCheckThread:84 - entering critical section [integrity check]
2023-03-31 17:25:04,456 [INFO] PluginManage:307 - Check plugin tools
2023-03-31 17:25:04,458 [INFO] ThirdPartyUpdaterWithRetryManager:70 - Updater plugin not ready yet. [1/15]
2023-03-31 17:25:04,486 [INFO] PluginManage:356 - Loaded plugin tools (category:base,tabindex:7)
2023-03-31 17:25:04,486 [INFO] PluginManage:307 - Check plugin tutovideos
2023-03-31 17:25:04,843 [INFO] PluginManage:356 - Loaded plugin tutovideos (category:base,tabindex:-1)
2023-03-31 17:25:04,843 [INFO] PluginManage:307 - Check plugin updater
2023-03-31 17:25:04,870 [INFO] PluginManage:356 - Loaded plugin updater (category:base,tabindex:12)
2023-03-31 17:25:04,874 [INFO] PluginManage:280 - PluginManage : Loaded plugins [15]
2023-03-31 17:25:05,232 [INFO] PinOutPanel:1477 - setPackage(No Configuration,No Configuration)
2023-03-31 17:25:05,329 [INFO] CADModel:164 - CPN selected for project level
2023-03-31 17:25:05,330 [INFO] CADModel:113 - Register for checkConnection events
2023-03-31 17:25:05,369 [INFO] IPUIPlugin:79 - create IPUIPlugin
2023-03-31 17:25:05,369 [INFO] PluginManager:219 - loadIPPluginJar : add adc
2023-03-31 17:25:05,399 [INFO] IPUIPlugin:79 - create IPUIPlugin
2023-03-31 17:25:05,399 [INFO] PluginManager:219 - loadIPPluginJar : add aes
2023-03-31 17:25:05,431 [INFO] IPUIPlugin:79 - create IPUIPlugin
2023-03-31 17:25:05,431 [INFO] PluginManager:219 - loadIPPluginJar : add can
2023-03-31 17:25:05,462 [INFO] IPUIPlugin:79 - create IPUIPlugin
2023-03-31 17:25:05,462 [INFO] PluginManager:219 - loadIPPluginJar : add comp
2023-03-31 17:25:05,503 [INFO] IPUIPlugin:79 - create IPUIPlugin
2023-03-31 17:25:05,503 [INFO] PluginManager:219 - loadIPPluginJar : add cryp
2023-03-31 17:25:05,536 [INFO] IPUIPlugin:79 - create IPUIPlugin
2023-03-31 17:25:05,536 [INFO] PluginManager:219 - loadIPPluginJar : add dfsdm
2023-03-31 17:25:05,557 [INFO] IPUIPlugin:79 - create IPUIPlugin
2023-03-31 17:25:05,557 [INFO] PluginManager:219 - loadIPPluginJar : add dma
2023-03-31 17:25:05,604 [INFO] IPUIPlugin:79 - create IPUIPlugin
2023-03-31 17:25:05,604 [INFO] PluginManager:219 - loadIPPluginJar : add dma3
2023-03-31 17:25:05,620 [INFO] IPUIPlugin:79 - create IPUIPlugin
2023-03-31 17:25:05,620 [INFO] PluginManager:219 - loadIPPluginJar : add fatfs
2023-03-31 17:25:05,667 [INFO] IPUIPlugin:79 - create IPUIPlugin
2023-03-31 17:25:05,667 [INFO] PluginManager:219 - loadIPPluginJar : add fmc
2023-03-31 17:25:05,682 [INFO] IPUIPlugin:79 - create IPUIPlugin
2023-03-31 17:25:05,698 [INFO] PluginManager:219 - loadIPPluginJar : add freertos
2023-03-31 17:25:05,714 [INFO] IPUIPlugin:79 - create IPUIPlugin
2023-03-31 17:25:05,714 [INFO] PluginManager:219 - loadIPPluginJar : add genericplugin
2023-03-31 17:25:05,808 [INFO] IPUIPlugin:79 - create IPUIPlugin
2023-03-31 17:25:05,808 [INFO] PluginManager:219 - loadIPPluginJar : add gfxmmu
2023-03-31 17:25:05,935 [INFO] IPUIPlugin:79 - create IPUIPlugin
2023-03-31 17:25:05,935 [INFO] PluginManager:219 - loadIPPluginJar : add gic
2023-03-31 17:25:05,950 [INFO] IPUIPlugin:79 - create IPUIPlugin
2023-03-31 17:25:05,950 [INFO] PluginManager:219 - loadIPPluginJar : add gpio
2023-03-31 17:25:06,038 [INFO] IPUIPlugin:79 - create IPUIPlugin
2023-03-31 17:25:06,038 [INFO] PluginManager:219 - loadIPPluginJar : add gtzc
2023-03-31 17:25:06,069 [INFO] IPUIPlugin:79 - create IPUIPlugin
2023-03-31 17:25:06,069 [INFO] PluginManager:219 - loadIPPluginJar : add hash
2023-03-31 17:25:06,132 [INFO] IPUIPlugin:79 - create IPUIPlugin
2023-03-31 17:25:06,132 [INFO] PluginManager:219 - loadIPPluginJar : add i2c
2023-03-31 17:25:06,163 [INFO] IPUIPlugin:79 - create IPUIPlugin
2023-03-31 17:25:06,163 [INFO] PluginManager:219 - loadIPPluginJar : add i2s
2023-03-31 17:25:06,288 [INFO] IPUIPlugin:79 - create IPUIPlugin
2023-03-31 17:25:06,288 [INFO] PluginManager:219 - loadIPPluginJar : add ipddr
2023-03-31 17:25:06,383 [INFO] IPUIPlugin:79 - create IPUIPlugin
2023-03-31 17:25:06,383 [INFO] PluginManager:219 - loadIPPluginJar : add linkedlist
2023-03-31 17:25:06,414 [INFO] IPUIPlugin:79 - create IPUIPlugin
2023-03-31 17:25:06,414 [INFO] PluginManager:219 - loadIPPluginJar : add lorawan
2023-03-31 17:25:06,461 [INFO] IPUIPlugin:79 - create IPUIPlugin
2023-03-31 17:25:06,461 [INFO] PluginManager:219 - loadIPPluginJar : add ltdc
2023-03-31 17:25:06,477 [INFO] IPUIPlugin:79 - create IPUIPlugin
2023-03-31 17:25:06,477 [INFO] PluginManager:219 - loadIPPluginJar : add mdma
2023-03-31 17:25:06,492 [INFO] IPUIPlugin:79 - create IPUIPlugin
2023-03-31 17:25:06,492 [INFO] PluginManager:219 - loadIPPluginJar : add nvic
2023-03-31 17:25:06,525 [INFO] IPUIPlugin:79 - create IPUIPlugin
2023-03-31 17:25:06,525 [INFO] PluginManager:219 - loadIPPluginJar : add opamp
2023-03-31 17:25:06,587 [INFO] IPUIPlugin:79 - create IPUIPlugin
2023-03-31 17:25:06,587 [INFO] PluginManager:219 - loadIPPluginJar : add openamp
2023-03-31 17:25:06,619 [INFO] IPUIPlugin:79 - create IPUIPlugin
2023-03-31 17:25:06,619 [INFO] PluginManager:219 - loadIPPluginJar : add pdm2pcm
2023-03-31 17:25:06,650 [INFO] IPUIPlugin:79 - create IPUIPlugin
2023-03-31 17:25:06,650 [INFO] PluginManager:219 - loadIPPluginJar : add plateformsettings
2023-03-31 17:25:06,682 [INFO] IPUIPlugin:79 - create IPUIPlugin
2023-03-31 17:25:06,682 [INFO] PluginManager:219 - loadIPPluginJar : add quadspi
2023-03-31 17:25:06,697 [INFO] IPUIPlugin:79 - create IPUIPlugin
2023-03-31 17:25:06,697 [INFO] PluginManager:219 - loadIPPluginJar : add resmgrutility
2023-03-31 17:25:06,745 [INFO] IPUIPlugin:79 - create IPUIPlugin
2023-03-31 17:25:06,745 [INFO] PluginManager:219 - loadIPPluginJar : add sai
2023-03-31 17:25:06,792 [INFO] IPUIPlugin:79 - create IPUIPlugin
2023-03-31 17:25:06,792 [INFO] PluginManager:219 - loadIPPluginJar : add spi
2023-03-31 17:25:06,839 [INFO] IPUIPlugin:79 - create IPUIPlugin
2023-03-31 17:25:06,839 [INFO] PluginManager:219 - loadIPPluginJar : add stm32_wpan
2023-03-31 17:25:06,871 [INFO] IPUIPlugin:79 - create IPUIPlugin
2023-03-31 17:25:06,871 [INFO] PluginManager:219 - loadIPPluginJar : add tim
2023-03-31 17:25:06,918 [INFO] IPUIPlugin:79 - create IPUIPlugin
2023-03-31 17:25:06,918 [INFO] PluginManager:219 - loadIPPluginJar : add touchsensing
2023-03-31 17:25:06,949 [INFO] IPUIPlugin:79 - create IPUIPlugin
2023-03-31 17:25:06,949 [INFO] PluginManager:219 - loadIPPluginJar : add tracer_emb
2023-03-31 17:25:06,981 [INFO] IPUIPlugin:79 - create IPUIPlugin
2023-03-31 17:25:06,981 [INFO] PluginManager:219 - loadIPPluginJar : add ts
2023-03-31 17:25:06,996 [INFO] IPUIPlugin:79 - create IPUIPlugin
2023-03-31 17:25:06,996 [INFO] PluginManager:219 - loadIPPluginJar : add tsc
2023-03-31 17:25:07,029 [INFO] IPUIPlugin:79 - create IPUIPlugin
2023-03-31 17:25:07,029 [INFO] PluginManager:219 - loadIPPluginJar : add ucpd
2023-03-31 17:25:07,084 [INFO] IPUIPlugin:79 - create IPUIPlugin
2023-03-31 17:25:07,084 [INFO] PluginManager:219 - loadIPPluginJar : add usart
2023-03-31 17:25:07,132 [INFO] IPUIPlugin:79 - create IPUIPlugin
2023-03-31 17:25:07,132 [INFO] PluginManager:219 - loadIPPluginJar : add usbx
2023-03-31 17:25:07,294 [INFO] CADModel:164 - CPN selected for project level
2023-03-31 17:25:07,294 [INFO] CADModel:113 - Register for checkConnection events
2023-03-31 17:25:07,295 [FATAL] Updater:308 - Updater called before beeing initialized
2023-03-31 17:25:07,295 [ERROR] CADModel:124 - Updater not yet initialized, retry later 
2023-03-31 17:25:07,464 [INFO] ThirdPartyUpdaterWithRetryManager:70 - Updater plugin not ready yet. [2/15]
2023-03-31 17:25:07,543 [INFO] CADModel:164 - CPN selected for project level
2023-03-31 17:25:07,543 [INFO] CADModel:113 - Register for checkConnection events
2023-03-31 17:25:07,543 [FATAL] Updater:308 - Updater called before beeing initialized
2023-03-31 17:25:07,543 [ERROR] CADModel:124 - Updater not yet initialized, retry later 
2023-03-31 17:25:07,558 [FATAL] Updater:308 - Updater called before beeing initialized
2023-03-31 17:25:07,745 [FATAL] Updater:308 - Updater called before beeing initialized
2023-03-31 17:25:07,761 [INFO] DbMcusAds:52 - JSON generation date=Wed Jan 18 09:17:19 EST 2023 (1674051439830)
2023-03-31 17:25:07,763 [FATAL] Updater:308 - Updater called before beeing initialized
2023-03-31 17:25:07,902 [WARN] DetailPanel:344 - Failed to get advertising image, set to default
2023-03-31 17:25:08,073 [FATAL] Updater:308 - Updater called before beeing initialized
2023-03-31 17:25:08,077 [FATAL] Updater:308 - Updater called before beeing initialized
2023-03-31 17:25:08,077 [FATAL] Updater:308 - Updater called before beeing initialized
2023-03-31 17:25:08,078 [WARN] DetailPanel:344 - Failed to get advertising image, set to default
2023-03-31 17:25:08,080 [FATAL] Updater:308 - Updater called before beeing initialized
2023-03-31 17:25:08,165 [ERROR] Updater:1120 - MainUpdater not yet initialized. External WinMGr cannot be set.
2023-03-31 17:25:08,181 [INFO] Updater:1056 - Updater Version found : 6.7.0
2023-03-31 17:25:08,202 [INFO] ApplicationProperties:181 - Using Application install path: C:\ST\STM32CubeIDE_1.11.0\STM32CubeIDE\plugins\com.st.stm32cube.common.mx_6.7.0.202211181646
2023-03-31 17:25:08,444 [INFO] MainUpdater:2800 - connection check result : 10
2023-03-31 17:25:08,444 [INFO] MainUpdater:3494 - Updater definition file requires update
2023-03-31 17:25:08,444 [INFO] MainUpdater:282 - Updater Check For Update Now.
2023-03-31 17:25:08,444 [INFO] MicroXplorer:481 - Change Database Version : DB.6.0.70
2023-03-31 17:25:08,501 [INFO] ServerAccessManage:474 - Download File updaters.zip
2023-03-31 17:25:08,569 [INFO] FileExtend:239 - Unzip File : updaters.zip
2023-03-31 17:25:08,569 [INFO] FileExtend:254 - Standard Zip Deflate
2023-03-31 17:25:09,068 [INFO] ServerAccessManage:474 - Download File PacksControlFlags.xml
2023-03-31 17:25:09,130 [INFO] ServerAccessManage:474 - Download File cubemx.pidx
2023-03-31 17:25:09,617 [INFO] ServerAccessManage:474 - Download File STMicroelectronics.X-CUBE-AI.pdsc
2023-03-31 17:25:10,368 [INFO] ServerAccessManage:474 - Download File STMicroelectronics.X-CUBE-BLEMGR.pdsc
2023-03-31 17:25:10,479 [WARN] MainUpdater:1186 - Updater busy. Cannot search thirdparties
2023-03-31 17:25:10,479 [INFO] ThirdPartyUpdaterWithRetryManager:96 - Updater plugin is busy. [1/15]
2023-03-31 17:25:10,637 [INFO] ServerAccessManage:474 - Download File STMicroelectronics.X-CUBE-DISPLAY.pdsc
2023-03-31 17:25:10,888 [INFO] ServerAccessManage:474 - Download File STMicroelectronics.X-CUBE-FREERTOS.pdsc
2023-03-31 17:25:11,085 [INFO] ServerAccessManage:474 - Download File STMicroelectronics.X-CUBE-MEMS1.pdsc
2023-03-31 17:25:11,842 [INFO] ServerAccessManage:474 - Download File STMicroelectronics.X-CUBE-TOF1.pdsc
2023-03-31 17:25:13,133 [ERROR] ServerAccessManage:1090 - Problem, file not found on Server
2023-03-31 17:25:13,485 [WARN] MainUpdater:1186 - Updater busy. Cannot search thirdparties
2023-03-31 17:25:13,485 [INFO] ThirdPartyUpdaterWithRetryManager:96 - Updater plugin is busy. [2/15]
2023-03-31 17:25:13,581 [INFO] ServerAccessManage:474 - Download File STMicroelectronics.X-CUBE-TOUCHGFX.pdsc
2023-03-31 17:25:16,500 [WARN] MainUpdater:1186 - Updater busy. Cannot search thirdparties
2023-03-31 17:25:16,500 [INFO] ThirdPartyUpdaterWithRetryManager:96 - Updater plugin is busy. [3/15]
2023-03-31 17:25:17,355 [INFO] ServerAccessManage:474 - Download File SEGGER.I-CUBE-embOS.pdsc
2023-03-31 17:25:18,599 [INFO] ServerAccessManage:474 - Download File WES.I-CUBE-Cesium.pdsc
2023-03-31 17:25:19,480 [ERROR] ServerAccessManage:1090 - Problem, file not found on Server
2023-03-31 17:25:19,512 [WARN] MainUpdater:1186 - Updater busy. Cannot search thirdparties
2023-03-31 17:25:19,512 [INFO] ThirdPartyUpdaterWithRetryManager:96 - Updater plugin is busy. [4/15]
2023-03-31 17:25:19,859 [ERROR] ServerAccessManage:1090 - Problem, file not found on Server
2023-03-31 17:25:20,060 [WARN] PackLoader:242 - Cannot read IP mode file for STMicroelectronics.X-CUBE-AI.8.0.0
2023-03-31 17:25:20,083 [WARN] PackLoader:242 - Cannot read IP mode file for STMicroelectronics.X-CUBE-BLEMGR.2.0.0
2023-03-31 17:25:20,111 [WARN] PackLoader:242 - Cannot read IP mode file for STMicroelectronics.X-CUBE-DISPLAY.3.0.0
2023-03-31 17:25:20,138 [WARN] PackLoader:242 - Cannot read IP mode file for STMicroelectronics.X-CUBE-FREERTOS.1.0.0
2023-03-31 17:25:20,177 [INFO] CheckServerUpdateThread:119 - End of CheckServer Thread
2023-03-31 17:25:20,249 [WARN] PackLoader:242 - Cannot read IP mode file for STMicroelectronics.X-CUBE-MEMS1.9.5.0
2023-03-31 17:25:20,281 [INFO] MainUpdater:2800 - connection check result : 10
2023-03-31 17:25:20,297 [INFO] MainUpdater:2800 - connection check result : 10
2023-03-31 17:25:20,536 [WARN] PackLoader:242 - Cannot read IP mode file for STMicroelectronics.X-CUBE-TOF1.3.3.0
2023-03-31 17:25:20,550 [WARN] PackLoader:242 - Cannot read IP mode file for STMicroelectronics.X-CUBE-TOUCHGFX.4.21.3
2023-03-31 17:25:20,620 [WARN] PackLoader:242 - Cannot read IP mode file for SEGGER.I-CUBE-embOS.1.3.1
2023-03-31 17:25:20,650 [INFO] MicroXplorer:451 - Change Database Path : 
2023-03-31 17:25:20,650 [INFO] MicroXplorer:481 - Change Database Version : DB.6.0.70
2023-03-31 17:25:20,650 [WARN] ThirdParty:845 - waiting for thirdparty lock release [close project]
2023-03-31 17:25:20,694 [WARN] PackLoader:242 - Cannot read IP mode file for WES.I-CUBE-Cesium.1.3.0
2023-03-31 17:25:20,694 [INFO] PopulateThirdPartyThread:64 - Ending populate Thread
2023-03-31 17:25:20,707 [INFO] ThirdParty:999 - CMSIS Pack Vendor :STMicroelectronics X-CUBE-AI 8.0.0
2023-03-31 17:25:20,707 [INFO] ThirdParty:999 - CMSIS Pack Vendor :STMicroelectronics X-CUBE-DISPLAY 3.0.0
2023-03-31 17:25:20,710 [INFO] ThirdParty:999 - CMSIS Pack Vendor :STMicroelectronics X-CUBE-FREERTOS 1.0.0
2023-03-31 17:25:20,710 [INFO] ThirdParty:999 - CMSIS Pack Vendor :WES I-CUBE-Cesium 1.3.0
2023-03-31 17:25:20,710 [INFO] ThirdParty:999 - CMSIS Pack Vendor :STMicroelectronics X-CUBE-TOUCHGFX 4.21.3
2023-03-31 17:25:20,710 [INFO] ThirdParty:999 - CMSIS Pack Vendor :SEGGER I-CUBE-embOS 1.3.1
2023-03-31 17:25:20,713 [INFO] ThirdParty:999 - CMSIS Pack Vendor :STMicroelectronics X-CUBE-BLEMGR 2.0.0
2023-03-31 17:25:20,713 [INFO] ThirdParty:999 - CMSIS Pack Vendor :STMicroelectronics X-CUBE-TOF1 3.3.0
2023-03-31 17:25:20,713 [INFO] ThirdParty:999 - CMSIS Pack Vendor :STMicroelectronics X-CUBE-MEMS1 9.5.0
2023-03-31 17:25:20,713 [INFO] LoadServerUpdatesThread:367 - End of LoadServerUpdate Thread
2023-03-31 17:25:22,725 [WARN] PackLoader:242 - Cannot read IP mode file for STMicroelectronics.X-CUBE-GNSS1.6.0.0
2023-03-31 17:25:22,774 [WARN] PackLoader:242 - Cannot read IP mode file for STMicroelectronics.X-CUBE-AZRTOS-F4.1.1.0
2023-03-31 17:25:22,816 [WARN] PackLoader:242 - Cannot read IP mode file for STMicroelectronics.X-CUBE-AZRTOS-F7.1.1.0
2023-03-31 17:25:22,842 [WARN] PackLoader:242 - Cannot read IP mode file for STMicroelectronics.X-CUBE-BLE1.6.2.4
2023-03-31 17:25:22,859 [WARN] PackLoader:242 - Cannot read IP mode file for emotas.I-CUBE-CANOPEN.1.1.3
2023-03-31 17:25:22,867 [WARN] PackLoader:242 - Cannot read IP mode file for STMicroelectronics.X-CUBE-BLEMGR.2.0.0
2023-03-31 17:25:22,890 [WARN] PackLoader:242 - Cannot read IP mode file for STMicroelectronics.X-CUBE-NFC4.2.0.5
2023-03-31 17:25:22,892 [WARN] PackLoader:242 - Cannot read IP mode file for STMicroelectronics.X-CUBE-DISPLAY.3.0.0
2023-03-31 17:25:22,917 [WARN] PackLoader:242 - Cannot read IP mode file for wolfSSL.I-CUBE-wolfSSL.5.5.4
2023-03-31 17:25:22,937 [WARN] PackLoader:242 - Cannot read IP mode file for STMicroelectronics.X-CUBE-NFC7.1.0.0
2023-03-31 17:25:22,954 [WARN] PackLoader:242 - Cannot read IP mode file for STMicroelectronics.X-CUBE-EEPRMA1.4.1.0
2023-03-31 17:25:22,964 [WARN] PackLoader:242 - Cannot read IP mode file for WES.I-CUBE-Cesium.1.3.0
2023-03-31 17:25:22,984 [WARN] PackLoader:242 - Cannot read IP mode file for STMicroelectronics.X-CUBE-SFXS2LP1.4.0.0
2023-03-31 17:25:23,000 [WARN] PackLoader:242 - Cannot read IP mode file for STMicroelectronics.X-CUBE-BLE2.3.3.0
2023-03-31 17:25:23,004 [WARN] PackLoader:242 - Cannot read IP mode file for STMicroelectronics.X-CUBE-DISPLAY.2.2.0
2023-03-31 17:25:23,041 [WARN] PackLoader:242 - Cannot read IP mode file for STMicroelectronics.X-CUBE-TOF1.3.2.0
2023-03-31 17:25:23,080 [WARN] PackLoader:242 - Cannot read IP mode file for STMicroelectronics.X-CUBE-AZRTOS-H7.3.0.0
2023-03-31 17:25:23,096 [WARN] PackLoader:242 - Cannot read IP mode file for STMicroelectronics.X-CUBE-ISPU.1.1.0
2023-03-31 17:25:23,118 [WARN] PackLoader:242 - Cannot read IP mode file for RoweBots.I-CUBE-UNISONRTOS.5.5.0-4
2023-03-31 17:25:23,125 [WARN] PackLoader:242 - Cannot read IP mode file for STMicroelectronics.X-CUBE-AI.8.0.0
2023-03-31 17:25:23,131 [WARN] PackLoader:242 - Cannot read IP mode file for STMicroelectronics.X-CUBE-FREERTOS.1.0.0
2023-03-31 17:25:23,143 [WARN] PackLoader:242 - Cannot read IP mode file for STMicroelectronics.X-CUBE-TOUCHGFX.4.21.1
2023-03-31 17:25:23,161 [WARN] PackLoader:242 - Cannot read IP mode file for STMicroelectronics.X-CUBE-TOUCHGFX.4.21.0
2023-03-31 17:25:23,168 [WARN] PackLoader:242 - Cannot read IP mode file for STMicroelectronics.X-CUBE-TOUCHGFX.4.21.3
2023-03-31 17:25:23,237 [WARN] PackLoader:242 - Cannot read IP mode file for STMicroelectronics.X-CUBE-MEMS1.9.4.0
2023-03-31 17:25:23,417 [WARN] PackLoader:242 - Cannot read IP mode file for STMicroelectronics.X-CUBE-AI.7.3.0
2023-03-31 17:25:23,438 [WARN] PackLoader:242 - Cannot read IP mode file for STMicroelectronics.X-CUBE-ALGOBUILD.1.3.0
2023-03-31 17:25:23,469 [WARN] PackLoader:242 - Cannot read IP mode file for STMicroelectronics.X-CUBE-AZRTOS-L5.1.1.0
2023-03-31 17:25:23,517 [WARN] PackLoader:242 - Cannot read IP mode file for STMicroelectronics.X-CUBE-AZRTOS-G0.1.1.0
2023-03-31 17:25:23,548 [WARN] PackLoader:242 - Cannot read IP mode file for STMicroelectronics.X-CUBE-SUBG2.5.0.0
2023-03-31 17:25:23,580 [WARN] PackLoader:242 - Cannot read IP mode file for STMicroelectronics.X-CUBE-NFC4.3.0.0
2023-03-31 17:25:23,590 [WARN] PackLoader:242 - Cannot read IP mode file for STMicroelectronics.X-CUBE-TOF1.3.3.0
2023-03-31 17:25:23,611 [WARN] PackLoader:242 - Cannot read IP mode file for STMicroelectronics.FP-ATR-ASTRA1.1.1.1
2023-03-31 17:25:23,684 [WARN] PackLoader:242 - Cannot read IP mode file for STMicroelectronics.X-CUBE-BLEMGR.1.3.0
2023-03-31 17:25:23,722 [WARN] PackLoader:242 - Cannot read IP mode file for STMicroelectronics.X-CUBE-AZRTOS-G4.1.0.0
2023-03-31 17:25:23,722 [WARN] PackLoader:242 - Cannot read IP mode file for STMicroelectronics.FP-ATR-SIGFOX1.3.2.0
2023-03-31 17:25:23,769 [WARN] PackLoader:242 - Cannot read IP mode file for STMicroelectronics.X-CUBE-AZRTOS-L4.1.0.0
2023-03-31 17:25:23,799 [WARN] PackLoader:242 - Cannot read IP mode file for STMicroelectronics.X-CUBE-AZRTOS-WL.1.0.0
2023-03-31 17:25:23,821 [WARN] PackLoader:242 - Cannot read IP mode file for portGmbH.I-Cube-SoM-uGOAL.1.1.0
2023-03-31 17:25:23,839 [WARN] PackLoader:242 - Cannot read IP mode file for STMicroelectronics.X-CUBE-ALS.1.0.1
2023-03-31 17:25:23,870 [WARN] PackLoader:242 - Cannot read IP mode file for STMicroelectronics.X-CUBE-MEMS1.9.5.0
2023-03-31 17:25:24,009 [WARN] PackLoader:242 - Cannot read IP mode file for STMicroelectronics.X-CUBE-AZRTOS-WB.1.1.0
2023-03-31 17:25:24,038 [WARN] PackLoader:242 - Cannot read IP mode file for SEGGER.I-CUBE-embOS.1.3.1
2023-03-31 17:25:24,101 [WARN] PackLoader:242 - Cannot read IP mode file for SEGGER.I-CUBE-embOS.1.3.0
2023-03-31 17:25:24,134 [INFO] ThirdParty:947 - Integrity check success = true
2023-03-31 17:25:24,134 [INFO] IntegrityCheckThread:98 - exiting critical section [integrity check]
2023-03-31 17:25:24,134 [INFO] IntegrityCheckThread:101 - End integrity checks thread
2023-03-31 17:25:24,134 [INFO] ThirdParty:847 - entering critical section [close project]
2023-03-31 17:25:24,143 [INFO] ThirdParty:857 - exiting critical section [close project]
2023-03-31 17:25:24,149 [INFO] PinOutPanel:1477 - setPackage(No Configuration,No Configuration)
2023-03-31 17:25:24,155 [INFO] UtilMem:74 - Begin LoadConfig() Used Memory: 563370384 Bytes (725614592)
2023-03-31 17:26:15,751 [INFO] ServerAccessManage:474 - Download File stm32cube_db_v6060.zip
2023-03-31 17:26:17,290 [INFO] FileExtend:239 - Unzip File : stm32cube_db_v6060.zip
2023-03-31 17:26:17,291 [INFO] FileExtend:254 - Standard Zip Deflate
2023-03-31 17:26:24,575 [INFO] LoadServerPackagesThread:190 - End of LoadServerPackages Thread
2023-03-31 17:26:24,788 [INFO] CheckServerUpdateThread:119 - End of CheckServer Thread
2023-03-31 17:26:24,830 [INFO] LoadServerPackagesThread:190 - End of LoadServerPackages Thread
2023-03-31 17:26:24,958 [INFO] CheckServerUpdateThread:119 - End of CheckServer Thread
2023-03-31 17:26:24,964 [INFO] MicroXplorer:451 - Change Database Path : C:/Users/Jeremy/.stm32cubemx/databases/DB.6.0.60/db/
2023-03-31 17:26:24,964 [INFO] MicroXplorer:481 - Change Database Version : DB.6.0.60
2023-03-31 17:26:24,964 [INFO] OpenFileManager:307 - Change cursor
2023-03-31 17:26:24,998 [INFO] Mcu:1925 - Initializing MCU STM32L4R5ZITxP STM32L4R5ZITxP STM32L4R5ZIT6P
2023-03-31 17:26:27,555 [INFO] Context:654 - Trying to add GPIOservice into a context  which must be forbidden
2023-03-31 17:26:28,510 [INFO] RtosManager:489 - Registered RTOS mode: class=CMSIS, group=RTOS, mode=CMSIS_V1, owner=FREERTOS
2023-03-31 17:26:28,512 [INFO] RtosManager:489 - Registered RTOS mode: class=CMSIS, group=RTOS2, mode=CMSIS_V2, owner=FREERTOS
2023-03-31 17:26:28,512 [INFO] RtosManager:489 - Registered RTOS mode: class=RTOS, group=Core, mode=CMSIS_V1, owner=FREERTOS
2023-03-31 17:26:28,512 [INFO] RtosManager:489 - Registered RTOS mode: class=RTOS, group=Core, mode=CMSIS_V2, owner=FREERTOS
2023-03-31 17:26:28,512 [WARN] ModelIntegratedComponent:185 - Missing modes for component STMicroelectronics:FreeRTOS:0.0.1:STMicroelectronics:RTOS:FreeRTOS:Core:::10.2.0:
2023-03-31 17:26:28,526 [WARN] ModelIntegratedComponent:64 - No mode defined for component null
2023-03-31 17:26:28,526 [WARN] ModelIntegratedComponent:64 - No mode defined for component null
2023-03-31 17:26:28,526 [WARN] ModelIntegratedComponent:64 - No mode defined for component null
2023-03-31 17:26:28,526 [WARN] ModelIntegratedComponent:64 - No mode defined for component null
2023-03-31 17:26:28,526 [WARN] ModelIntegratedComponent:64 - No mode defined for component null
2023-03-31 17:26:28,526 [WARN] ModelIntegratedComponent:64 - No mode defined for component null
2023-03-31 17:26:28,526 [WARN] ModelIntegratedComponent:64 - No mode defined for component null
2023-03-31 17:26:28,526 [WARN] ModelIntegratedComponent:64 - No mode defined for component null
2023-03-31 17:26:28,526 [WARN] ModelIntegratedComponent:64 - No mode defined for component null
2023-03-31 17:26:28,526 [WARN] ModelIntegratedComponent:64 - No mode defined for component null
2023-03-31 17:26:28,526 [WARN] ModelIntegratedComponent:64 - No mode defined for component null
2023-03-31 17:26:28,526 [WARN] ModelIntegratedComponent:64 - No mode defined for component null
2023-03-31 17:26:28,526 [WARN] ModelIntegratedComponent:64 - No mode defined for component null
2023-03-31 17:26:28,526 [WARN] ModelIntegratedComponent:64 - No mode defined for component null
2023-03-31 17:26:28,526 [WARN] ModelIntegratedComponent:64 - No mode defined for component null
2023-03-31 17:26:28,526 [WARN] ModelIntegratedComponent:64 - No mode defined for component null
2023-03-31 17:26:28,526 [WARN] ModelIntegratedComponent:64 - No mode defined for component null
2023-03-31 17:26:28,526 [WARN] ModelIntegratedComponent:64 - No mode defined for component null
2023-03-31 17:26:28,526 [WARN] ModelIntegratedComponent:64 - No mode defined for component null
2023-03-31 17:26:28,526 [WARN] ModelIntegratedComponent:64 - No mode defined for component null
2023-03-31 17:26:28,526 [WARN] ModelIntegratedComponent:64 - No mode defined for component null
2023-03-31 17:26:28,526 [WARN] ModelIntegratedComponent:64 - No mode defined for component null
2023-03-31 17:26:28,526 [WARN] ModelIntegratedComponent:64 - No mode defined for component null
2023-03-31 17:26:28,526 [WARN] ModelIntegratedComponent:64 - No mode defined for component null
2023-03-31 17:26:28,526 [WARN] ModelIntegratedComponent:64 - No mode defined for component null
2023-03-31 17:26:28,533 [WARN] ModelIntegratedComponent:64 - No mode defined for component null
2023-03-31 17:26:28,533 [WARN] ModelIntegratedComponent:64 - No mode defined for component null
2023-03-31 17:26:28,533 [WARN] ModelIntegratedComponent:64 - No mode defined for component null
2023-03-31 17:26:28,533 [WARN] ModelIntegratedComponent:64 - No mode defined for component null
2023-03-31 17:26:28,533 [WARN] ModelIntegratedComponent:64 - No mode defined for component null
2023-03-31 17:26:28,533 [WARN] ModelIntegratedComponent:64 - No mode defined for component null
2023-03-31 17:26:28,533 [WARN] ModelIntegratedComponent:64 - No mode defined for component null
2023-03-31 17:26:28,533 [WARN] ModelIntegratedComponent:64 - No mode defined for component null
2023-03-31 17:26:28,613 [INFO] ThirdPartyModel:294 - Start build external matchings
2023-03-31 17:26:28,953 [INFO] ThirdPartyModel:310 - End build external matchings
2023-03-31 17:26:29,003 [INFO] ImportTextPane:193 - (OptionalMessage_ERROR) IP (RCC) : Invalid parameter (FamilyName)
2023-03-31 17:26:29,007 [INFO] ImportTextPane:193 - (OptionalMessage_ERROR) IP (RCC) : Parameter (PLLDSIVCOFreq_Value) has invalid value (320000000)
2023-03-31 17:26:29,554 [INFO] UtilMem:74 - End LoadConfig() Used Memory: 609797064 Bytes (1059061760)
2023-03-31 17:26:29,713 [INFO] ApiDb:580 - Connected to CubeFinder SQLite database (C:\Users\Jeremy\.stmcufinder\plugins\mcufinder\mcu\cube-finder-db.db)
2023-03-31 17:26:29,804 [INFO] ApiDb:667 - CubeFinder database Data Model version=2.1
2023-03-31 17:26:29,804 [INFO] ApiDb:668 - CubeFinder database Configuration version=3.0.35
2023-03-31 17:26:29,804 [INFO] ApiDb:669 - CubeFinder database generation date=2023-01-11 (1673424164)
2023-03-31 17:26:29,804 [INFO] ApiDb:670 - CubeFinder database FW Pack versions=[FP-ATR-ASTRA1_V1.1.1, STM32Cube_FW_C0_V1.0.0, STM32Cube_FW_F4_V1.27.1, STM32Cube_FW_F7_V1.17.0, STM32Cube_FW_G0_V1.6.1, STM32Cube_FW_G4_V1.5.0, STM32Cube_FW_H5_V0.5.1, STM32Cube_FW_H7_V1.11.0, STM32Cube_FW_L5_V1.5.0, STM32Cube_FW_U5_V1.1.1, STM32Cube_FW_WBA_V0.2.0, STM32Cube_FW_WB_V1.15.0, STM32Cube_FW_WB_V1.15.0RC1, STM32Cube_FW_WL_V1.3.0, X-CUBE-ALGOBUILD_V1.3.0, X-CUBE-ALS_V1.0.1, X-CUBE-AZRTOS-F4_V1.1.0, X-CUBE-AZRTOS-F7_V1.1.0, X-CUBE-AZRTOS-G0_V1.1.0, X-CUBE-AZRTOS-G4_V1.0.0, X-CUBE-AZRTOS-H7_V2.1.0, X-CUBE-AZRTOS-L4_V1.0.0, X-CUBE-AZRTOS-L5_V1.0.0, X-CUBE-AZRTOS-WL_V1.0.0, X-CUBE-BLE1_V6.2.4, X-CUBE-BLE2_V3.3.0, X-CUBE-BLEMGR_V1.3.0, X-CUBE-EEPRMA1_V4.1.0, X-CUBE-GNSS1_V6.0.0, X-CUBE-MEMS1_V9.1.0, X-CUBE-MEMS1_V9.3.0, X-CUBE-MEMS1_V9.4.0, X-CUBE-NFC4_V3.0.0, X-CUBE-NFC7_V1.0.0, X-CUBE-SFXS2LP1_V4.0.0, X-CUBE-SUBG2_V5.0.0]
2023-03-31 17:26:32,378 [INFO] ApiDb:239 - Found 143 in-development CPN: [B-WB1M-WPAN1, B-WL5M-SUBG1, NUCLEO-C031C6, STEVAL-PROTEUS1, STEVAL-STWINBX1, STM320518-EVAL, STM32C0116-DK, STM32C011D6Y3TR, STM32C011D6Y6TR, STM32C011F4P3, STM32C011F4P6, STM32C011F4U3, STM32C011F4U6TR, STM32C011F6P3, STM32C011F6P6, STM32C011F6U3, STM32C011F6U6TR, STM32C011J4M3, STM32C011J4M6, STM32C011J6M3, STM32C011J6M6, STM32C0316-DK, STM32C031C4T3, STM32C031C4T6, STM32C031C4U3, STM32C031C4U6, STM32C031C6T3, STM32C031C6T6, STM32C031C6U3, STM32C031C6U6, STM32C031F4P3, STM32C031F4P6, STM32C031F6P3, STM32C031F6P6, STM32C031G4U3, STM32C031G4U6, STM32C031G6U3, STM32C031G6U6, STM32C031K4T3, STM32C031K4T6, STM32C031K4U3, STM32C031K4U6, STM32C031K6T3, STM32C031K6T6, STM32C031K6U3, STM32C031K6U6, STM32G071K8TXN, STM32G071K8UXN, STM32G081GBU6N, STM32G081KBT6N, STM32G081KBUXN, STM32G0B1CCT6N, STM32G0B1KCT6, STM32G0B1NEY6TR, STM32G0B1RCT6N, STM32G0C1CCT6, STM32G0C1CCT6N, STM32G0C1CCU6N, STM32G0C1CET6N, STM32G0C1CEU6N, STM32G0C1KCT6, STM32G0C1NEY6TR, STM32G0C1RCI6N, STM32G0C1RCT6N, STM32G0C1REI6N, STM32G0C1RET6N, STM32G0C1VCI6, STM32G0C1VEI6, STM32G471CCT6, STM32G471CCU6, STM32G471CET3, STM32G471CET6, STM32G471CEU3, STM32G471CEU6, STM32G471MCT6, STM32G471MET3, STM32G471MET6, STM32G471MEY6TR, STM32G471QCT6, STM32G471QET3, STM32G471RCT6, STM32G471RET3, STM32G471RET6, STM32G471VCH6, STM32G471VCI6, STM32G471VCT6, STM32G471VEH3, STM32G471VEH6, STM32G471VEI3, STM32G471VEI6, STM32G471VET3, STM32G471VET6, STM32G474CCT6, STM32L476VGY6PTR, STM32L4R5QGI6STR, STM32MP131AAE3, STM32MP131AAF3, STM32MP131AAG3, STM32MP131CAE3, STM32MP131CAF3, STM32MP131CAG3, STM32MP131DAE7, STM32MP131DAF7, STM32MP131DAG7, STM32MP131FAE7, STM32MP131FAF7, STM32MP131FAG7, STM32MP133AAE3, STM32MP133AAF3, STM32MP133AAG3, STM32MP133CAE3, STM32MP133CAF3, STM32MP133CAG3, STM32MP133DAE7, STM32MP133DAF7, STM32MP133DAG7, STM32MP133FAE7, STM32MP133FAF7, STM32MP133FAG7, STM32MP135AAE3, STM32MP135AAF3, STM32MP135AAG3, STM32MP135CAE3, STM32MP135CAF3, STM32MP135CAG3, STM32MP135DAE7, STM32MP135DAF7, STM32MP135DAG7, STM32MP135F-DK, STM32MP135FAE7, STM32MP135FAF7, STM32MP135FAF7T, STM32MP135FAF7U, STM32MP135FAG7, STM32U595ZJT6Q, STM32U599BJY6QTR, STM32U599NIH6Q, STM32U599NJH6Q, STM32U5A5ZJT6Q, STM32U5A9BJY6QTR, STM32U5A9NJH6Q, STM32WB1MMCH6, STM32WL5MOCH6TR]
2023-03-31 17:26:32,382 [INFO] DbMcus:215 - Found 3582 MCUs, 3582 are supported
2023-03-31 17:26:32,385 [INFO] ApiDb:422 - Load user favorites file C:\Users\Jeremy/.stm32cubeide/favorites.mcus.txt: 0 item(s)
2023-03-31 17:26:32,385 [INFO] ApiDb:426 - User favorites MCUs=[]
2023-03-31 17:26:32,385 [INFO] DbMcus:221 - Set 0 / 0 favorites MCUs
2023-03-31 17:26:32,841 [WARN] ThirdParty:807 - waiting for thirdparty lock release [change project]
2023-03-31 17:26:32,841 [INFO] ThirdParty:809 - entering critical section [change project]
2023-03-31 17:26:32,841 [INFO] ThirdParty:999 - CMSIS Pack Vendor :STMicroelectronics X-CUBE-ISPU 1.1.0
2023-03-31 17:26:32,841 [INFO] ThirdParty:999 - CMSIS Pack Vendor :RoweBots I-CUBE-UNISONRTOS 5.5.0-4
2023-03-31 17:26:32,841 [INFO] ThirdParty:999 - CMSIS Pack Vendor :STMicroelectronics X-CUBE-GNSS1 6.0.0
2023-03-31 17:26:32,841 [INFO] ThirdParty:999 - CMSIS Pack Vendor :STMicroelectronics USB_HOST 2.0.0
2023-03-31 17:26:32,841 [INFO] ThirdParty:999 - CMSIS Pack Vendor :STMicroelectronics X-CUBE-AZRTOS-F4 1.1.0
2023-03-31 17:26:32,841 [INFO] ThirdParty:999 - CMSIS Pack Vendor :STMicroelectronics LIBJPEG 8.0.0
2023-03-31 17:26:32,841 [INFO] ThirdParty:999 - CMSIS Pack Vendor :STMicroelectronics USB_DEVICE 3.0.0
2023-03-31 17:26:32,849 [INFO] ThirdParty:999 - CMSIS Pack Vendor :STMicroelectronics X-CUBE-AI 8.0.0
2023-03-31 17:26:32,849 [INFO] ThirdParty:999 - CMSIS Pack Vendor :STMicroelectronics X-CUBE-FREERTOS 1.0.0
2023-03-31 17:26:32,849 [INFO] ThirdParty:999 - CMSIS Pack Vendor :STMicroelectronics X-CUBE-TOUCHGFX 4.21.1
2023-03-31 17:26:32,849 [INFO] ThirdParty:999 - CMSIS Pack Vendor :STMicroelectronics X-CUBE-TOUCHGFX 4.21.0
2023-03-31 17:26:32,849 [INFO] ThirdParty:999 - CMSIS Pack Vendor :STMicroelectronics X-CUBE-TOUCHGFX 4.21.3
2023-03-31 17:26:32,849 [INFO] ThirdParty:999 - CMSIS Pack Vendor :STMicroelectronics X-CUBE-AZRTOS-F7 1.1.0
2023-03-31 17:26:32,849 [INFO] ThirdParty:999 - CMSIS Pack Vendor :STMicroelectronics X-CUBE-MEMS1 9.4.0
2023-03-31 17:26:32,849 [INFO] ThirdParty:999 - CMSIS Pack Vendor :STMicroelectronics USB_DEVICE 2.0.0
2023-03-31 17:26:32,849 [INFO] ThirdParty:999 - CMSIS Pack Vendor :STMicroelectronics X-CUBE-AI 7.3.0
2023-03-31 17:26:32,849 [INFO] ThirdParty:999 - CMSIS Pack Vendor :STMicroelectronics X-CUBE-ALGOBUILD 1.3.0
2023-03-31 17:26:32,849 [INFO] ThirdParty:999 - CMSIS Pack Vendor :STMicroelectronics X-CUBE-BLE1 6.2.4
2023-03-31 17:26:32,849 [INFO] ThirdParty:999 - CMSIS Pack Vendor :STMicroelectronics X-CUBE-AZRTOS-L5 1.1.0
2023-03-31 17:26:32,849 [INFO] ThirdParty:999 - CMSIS Pack Vendor :STMicroelectronics FreeRTOS 0.0.1
2023-03-31 17:26:32,849 [INFO] ThirdParty:999 - CMSIS Pack Vendor :emotas I-CUBE-CANOPEN 1.1.3
2023-03-31 17:26:32,849 [INFO] ThirdParty:999 - CMSIS Pack Vendor :STMicroelectronics X-CUBE-AZRTOS-G0 1.1.0
2023-03-31 17:26:32,849 [INFO] ThirdParty:999 - CMSIS Pack Vendor :STMicroelectronics X-CUBE-BLEMGR 2.0.0
2023-03-31 17:26:32,849 [INFO] ThirdParty:999 - CMSIS Pack Vendor :STMicroelectronics X-CUBE-SUBG2 5.0.0
2023-03-31 17:26:32,849 [INFO] ThirdParty:999 - CMSIS Pack Vendor :STMicroelectronics X-CUBE-NFC4 3.0.0
2023-03-31 17:26:32,849 [INFO] ThirdParty:999 - CMSIS Pack Vendor :STMicroelectronics STM32_WPAN 1.0.0
2023-03-31 17:26:32,849 [INFO] ThirdParty:999 - CMSIS Pack Vendor :STMicroelectronics lwIP 2.0.3
2023-03-31 17:26:32,849 [INFO] ThirdParty:999 - CMSIS Pack Vendor :STMicroelectronics X-CUBE-NFC4 2.0.5
2023-03-31 17:26:32,850 [INFO] ThirdParty:999 - CMSIS Pack Vendor :STMicroelectronics USB_HOST 1.0.0
2023-03-31 17:26:32,850 [INFO] ThirdParty:999 - CMSIS Pack Vendor :STMicroelectronics PDM2PCM 3.1.0
2023-03-31 17:26:32,850 [INFO] ThirdParty:999 - CMSIS Pack Vendor :STMicroelectronics X-CUBE-TOF1 3.3.0
2023-03-31 17:26:32,850 [INFO] ThirdParty:999 - CMSIS Pack Vendor :STMicroelectronics FP-ATR-ASTRA1 1.1.1
2023-03-31 17:26:32,850 [INFO] ThirdParty:999 - CMSIS Pack Vendor :STMicroelectronics PDM2PCM 3.3.0
2023-03-31 17:26:32,850 [INFO] ThirdParty:999 - CMSIS Pack Vendor :STMicroelectronics X-CUBE-DISPLAY 3.0.0
2023-03-31 17:26:32,850 [INFO] ThirdParty:999 - CMSIS Pack Vendor :STMicroelectronics X-CUBE-BLEMGR 1.3.0
2023-03-31 17:26:32,850 [INFO] ThirdParty:999 - CMSIS Pack Vendor :STMicroelectronics X-CUBE-AZRTOS-G4 1.0.0
2023-03-31 17:26:32,850 [INFO] ThirdParty:999 - CMSIS Pack Vendor :STMicroelectronics FP-ATR-SIGFOX1 3.2.0
2023-03-31 17:26:32,850 [INFO] ThirdParty:999 - CMSIS Pack Vendor :wolfSSL I-CUBE-wolfSSL 5.5.4
2023-03-31 17:26:32,850 [INFO] ThirdParty:999 - CMSIS Pack Vendor :STMicroelectronics X-CUBE-AZRTOS-L4 1.0.0
2023-03-31 17:26:32,850 [INFO] ThirdParty:999 - CMSIS Pack Vendor :STMicroelectronics HAL Drivers 0.0.0
2023-03-31 17:26:32,850 [INFO] ThirdParty:999 - CMSIS Pack Vendor :STMicroelectronics MBEDTLS 2.16.2
2023-03-31 17:26:32,850 [INFO] ThirdParty:999 - CMSIS Pack Vendor :STMicroelectronics MBEDTLS 2.14.1
2023-03-31 17:26:32,850 [INFO] ThirdParty:999 - CMSIS Pack Vendor :STMicroelectronics X-CUBE-NFC7 1.0.0
2023-03-31 17:26:32,850 [INFO] ThirdParty:999 - CMSIS Pack Vendor :STMicroelectronics X-CUBE-AZRTOS-WL 1.0.0
2023-03-31 17:26:32,850 [INFO] ThirdParty:999 - CMSIS Pack Vendor :STMicroelectronics X-CUBE-EEPRMA1 4.1.0
2023-03-31 17:26:32,850 [INFO] ThirdParty:999 - CMSIS Pack Vendor :portGmbH I-Cube-SoM-uGOAL 1.1.0
2023-03-31 17:26:32,850 [INFO] ThirdParty:999 - CMSIS Pack Vendor :STMicroelectronics X-CUBE-ALS 1.0.1
2023-03-31 17:26:32,850 [INFO] ThirdParty:999 - CMSIS Pack Vendor :STMicroelectronics X-CUBE-MEMS1 9.5.0
2023-03-31 17:26:32,850 [INFO] ThirdParty:999 - CMSIS Pack Vendor :STMicroelectronics ThreadX 1.0.0
2023-03-31 17:26:32,853 [INFO] ThirdParty:999 - CMSIS Pack Vendor :STMicroelectronics X-CUBE-AZRTOS-WB 1.1.0
2023-03-31 17:26:32,853 [INFO] ThirdParty:999 - CMSIS Pack Vendor :SEGGER I-CUBE-embOS 1.3.1
2023-03-31 17:26:32,853 [INFO] ThirdParty:999 - CMSIS Pack Vendor :STMicroelectronics USB_DEVICE 1.0.0
2023-03-31 17:26:32,853 [INFO] ThirdParty:999 - CMSIS Pack Vendor :SEGGER I-CUBE-embOS 1.3.0
2023-03-31 17:26:32,853 [INFO] ThirdParty:999 - CMSIS Pack Vendor :STMicroelectronics ThreadX 0.0.2
2023-03-31 17:26:32,853 [INFO] ThirdParty:999 - CMSIS Pack Vendor :WES I-CUBE-Cesium 1.3.0
2023-03-31 17:26:32,853 [INFO] ThirdParty:999 - CMSIS Pack Vendor :STMicroelectronics lwIP 2.1.2
2023-03-31 17:26:32,853 [INFO] ThirdParty:999 - CMSIS Pack Vendor :STMicroelectronics X-CUBE-SFXS2LP1 4.0.0
2023-03-31 17:26:32,853 [INFO] ThirdParty:999 - CMSIS Pack Vendor :STMicroelectronics X-CUBE-BLE2 3.3.0
2023-03-31 17:26:32,853 [INFO] ThirdParty:999 - CMSIS Pack Vendor :STMicroelectronics X-CUBE-DISPLAY 2.2.0
2023-03-31 17:26:32,853 [INFO] ThirdParty:999 - CMSIS Pack Vendor :STMicroelectronics X-CUBE-TOF1 3.2.0
2023-03-31 17:26:32,853 [INFO] ThirdParty:999 - CMSIS Pack Vendor :STMicroelectronics PDM2PCM 3.2.0
2023-03-31 17:26:32,853 [INFO] ThirdParty:999 - CMSIS Pack Vendor :STMicroelectronics X-CUBE-AZRTOS-H7 3.0.0
2023-03-31 17:26:32,853 [INFO] ThirdParty:815 - exiting critical section [change project]
2023-03-31 17:26:33,759 [INFO] PinOutPanel:1477 - setPackage(No Configuration,No Configuration)
2023-03-31 17:26:33,759 [INFO] PinOutPanel:1477 - setPackage(STM32L4R5ZITxP,LQFP144)
2023-03-31 17:26:35,055 [INFO] UtilMem:74 - Before build in PCC Used Memory: 609618432 Bytes (1059061760)
2023-03-31 17:26:36,561 [INFO] UtilMem:74 - After build in PCC Used Memory: 550288592 Bytes (1059061760)
2023-03-31 17:26:36,600 [INFO] IPUIPlugin:79 - create IPUIPlugin
2023-03-31 17:26:36,600 [INFO] IPUIPlugin:79 - create IPUIPlugin
2023-03-31 17:26:36,600 [INFO] IPUIPlugin:79 - create IPUIPlugin
2023-03-31 17:26:36,600 [INFO] IPUIPlugin:79 - create IPUIPlugin
2023-03-31 17:26:36,600 [INFO] IPUIPlugin:79 - create IPUIPlugin
2023-03-31 17:26:36,600 [INFO] IPUIPlugin:79 - create IPUIPlugin
2023-03-31 17:26:36,602 [INFO] IPUIPlugin:79 - create IPUIPlugin
2023-03-31 17:26:36,602 [INFO] IPUIPlugin:79 - create IPUIPlugin
2023-03-31 17:26:36,602 [INFO] IPUIPlugin:79 - create IPUIPlugin
2023-03-31 17:26:36,602 [INFO] IPUIPlugin:79 - create IPUIPlugin
2023-03-31 17:26:36,602 [INFO] IPUIPlugin:79 - create IPUIPlugin
2023-03-31 17:26:36,602 [INFO] IPUIPlugin:79 - create IPUIPlugin
2023-03-31 17:26:36,602 [INFO] IPUIPlugin:79 - create IPUIPlugin
2023-03-31 17:26:36,602 [INFO] IPUIPlugin:79 - create IPUIPlugin
2023-03-31 17:26:36,605 [INFO] IPUIPlugin:79 - create IPUIPlugin
2023-03-31 17:26:36,605 [INFO] IPUIPlugin:79 - create IPUIPlugin
2023-03-31 17:26:36,605 [INFO] IPUIPlugin:79 - create IPUIPlugin
2023-03-31 17:26:36,606 [INFO] IPUIPlugin:79 - create IPUIPlugin
2023-03-31 17:26:36,606 [INFO] IPUIPlugin:79 - create IPUIPlugin
2023-03-31 17:26:36,606 [INFO] IPUIPlugin:79 - create IPUIPlugin
2023-03-31 17:26:36,606 [INFO] IPUIPlugin:79 - create IPUIPlugin
2023-03-31 17:26:36,608 [INFO] IPUIPlugin:79 - create IPUIPlugin
2023-03-31 17:26:36,608 [INFO] IPUIPlugin:79 - create IPUIPlugin
2023-03-31 17:26:36,608 [INFO] IPUIPlugin:79 - create IPUIPlugin
2023-03-31 17:26:36,608 [INFO] IPUIPlugin:79 - create IPUIPlugin
2023-03-31 17:26:36,608 [INFO] IPUIPlugin:79 - create IPUIPlugin
2023-03-31 17:26:36,610 [INFO] IPUIPlugin:79 - create IPUIPlugin
2023-03-31 17:26:36,610 [INFO] IPUIPlugin:79 - create IPUIPlugin
2023-03-31 17:26:36,610 [INFO] IPUIPlugin:79 - create IPUIPlugin
2023-03-31 17:26:36,610 [INFO] IPUIPlugin:79 - create IPUIPlugin
2023-03-31 17:26:36,610 [INFO] IPUIPlugin:79 - create IPUIPlugin
2023-03-31 17:26:36,612 [INFO] IPUIPlugin:79 - create IPUIPlugin
2023-03-31 17:26:36,612 [INFO] IPUIPlugin:79 - create IPUIPlugin
2023-03-31 17:26:36,612 [INFO] IPUIPlugin:79 - create IPUIPlugin
2023-03-31 17:26:36,612 [INFO] IPUIPlugin:79 - create IPUIPlugin
2023-03-31 17:26:36,612 [INFO] IPUIPlugin:79 - create IPUIPlugin
2023-03-31 17:26:36,614 [INFO] IPUIPlugin:79 - create IPUIPlugin
2023-03-31 17:26:36,614 [INFO] IPUIPlugin:79 - create IPUIPlugin
2023-03-31 17:26:36,614 [INFO] IPUIPlugin:79 - create IPUIPlugin
2023-03-31 17:26:36,614 [INFO] IPUIPlugin:79 - create IPUIPlugin
2023-03-31 17:26:36,614 [INFO] IPUIPlugin:79 - create IPUIPlugin
2023-03-31 17:26:36,614 [INFO] IPUIPlugin:79 - create IPUIPlugin
2023-03-31 17:26:36,614 [INFO] IPUIPlugin:79 - create IPUIPlugin
2023-03-31 17:26:36,614 [INFO] IPUIPlugin:79 - create IPUIPlugin
2023-03-31 17:26:36,614 [INFO] IPUIPlugin:79 - create IPUIPlugin
2023-03-31 17:26:36,614 [INFO] IPUIPlugin:79 - create IPUIPlugin
2023-03-31 17:26:36,614 [INFO] IPUIPlugin:79 - create IPUIPlugin
2023-03-31 17:26:36,617 [INFO] IPUIPlugin:79 - create IPUIPlugin
2023-03-31 17:26:36,617 [INFO] IPUIPlugin:79 - create IPUIPlugin
2023-03-31 17:26:36,617 [INFO] IPUIPlugin:79 - create IPUIPlugin
2023-03-31 17:26:36,617 [INFO] IPUIPlugin:79 - create IPUIPlugin
2023-03-31 17:26:36,617 [INFO] IPUIPlugin:79 - create IPUIPlugin
2023-03-31 17:26:36,617 [INFO] IPUIPlugin:79 - create IPUIPlugin
2023-03-31 17:26:36,617 [INFO] IPUIPlugin:79 - create IPUIPlugin
2023-03-31 17:26:36,619 [INFO] IPUIPlugin:79 - create IPUIPlugin
2023-03-31 17:26:36,619 [INFO] IPUIPlugin:79 - create IPUIPlugin
2023-03-31 17:26:36,620 [INFO] IPUIPlugin:79 - create IPUIPlugin
2023-03-31 17:26:36,620 [INFO] IPUIPlugin:79 - create IPUIPlugin
2023-03-31 17:26:36,620 [INFO] IPUIPlugin:79 - create IPUIPlugin
2023-03-31 17:26:36,622 [INFO] IPUIPlugin:79 - create IPUIPlugin
2023-03-31 17:26:36,622 [INFO] IPUIPlugin:79 - create IPUIPlugin
2023-03-31 17:26:36,668 [INFO] Can:70 - Can Add PropertyChangeListener com.st.microxplorer.plugins.ip.can.Can@52b6b755
2023-03-31 17:26:37,001 [INFO] CADModel:164 - CPN selected for project levelSTM32L4R5ZIT6P
2023-03-31 17:26:37,001 [INFO] CADModel:113 - Register for checkConnection events
2023-03-31 17:26:37,066 [INFO] OpenFileManager:327 - Restore cursor
2023-04-04 02:21:29,346 [INFO] MainUpdater:2800 - connection check result : 10
2023-04-04 02:21:29,350 [INFO] MainUpdater:2800 - connection check result : 10
2023-04-04 02:21:29,977 [INFO] I2cTimingTraitement:329 - 0x00707CBB
2023-04-04 02:21:30,005 [INFO] I2cTimingTraitement:329 - 0x00707CBB
2023-04-04 02:21:30,031 [INFO] MicroXplorer:451 - Change Database Path : 
2023-04-04 02:21:30,032 [INFO] MicroXplorer:481 - Change Database Version : DB.6.0.70
2023-04-04 02:21:30,101 [WARN] ThirdParty:845 - waiting for thirdparty lock release [close project]
2023-04-04 02:21:30,101 [INFO] ThirdParty:847 - entering critical section [close project]
2023-04-04 02:21:30,101 [INFO] ThirdParty:857 - exiting critical section [close project]
2023-04-04 02:21:30,105 [INFO] PinOutPanel:1477 - setPackage(No Configuration,No Configuration)
2023-04-04 02:21:30,141 [INFO] UtilMem:74 - Begin LoadConfig() Used Memory: 815289296 Bytes (1059061760)
2023-04-04 02:21:30,162 [INFO] MicroXplorer:451 - Change Database Path : C:/Users/Jeremy/.stm32cubemx/databases/DB.6.0.60/db/
2023-04-04 02:21:30,163 [INFO] MicroXplorer:481 - Change Database Version : DB.6.0.60
2023-04-04 02:21:36,405 [INFO] OpenFileManager:307 - Change cursor
2023-04-04 02:21:36,447 [INFO] Mcu:1925 - Initializing MCU STM32L4R5ZITxP STM32L4R5ZITxP STM32L4R5ZIT6P
2023-04-04 02:21:40,330 [INFO] Context:654 - Trying to add GPIOservice into a context  which must be forbidden
2023-04-04 02:21:41,018 [INFO] RtosManager:489 - Registered RTOS mode: class=CMSIS, group=RTOS, mode=CMSIS_V1, owner=FREERTOS
2023-04-04 02:21:41,019 [INFO] RtosManager:489 - Registered RTOS mode: class=CMSIS, group=RTOS2, mode=CMSIS_V2, owner=FREERTOS
2023-04-04 02:21:41,019 [INFO] RtosManager:489 - Registered RTOS mode: class=RTOS, group=Core, mode=CMSIS_V1, owner=FREERTOS
2023-04-04 02:21:41,019 [INFO] RtosManager:489 - Registered RTOS mode: class=RTOS, group=Core, mode=CMSIS_V2, owner=FREERTOS
2023-04-04 02:21:41,019 [WARN] ModelIntegratedComponent:185 - Missing modes for component STMicroelectronics:FreeRTOS:0.0.1:STMicroelectronics:RTOS:FreeRTOS:Core:::10.2.0:
2023-04-04 02:21:41,034 [WARN] ModelIntegratedComponent:64 - No mode defined for component null
2023-04-04 02:21:41,034 [WARN] ModelIntegratedComponent:64 - No mode defined for component null
2023-04-04 02:21:41,035 [WARN] ModelIntegratedComponent:64 - No mode defined for component null
2023-04-04 02:21:41,035 [WARN] ModelIntegratedComponent:64 - No mode defined for component null
2023-04-04 02:21:41,035 [WARN] ModelIntegratedComponent:64 - No mode defined for component null
2023-04-04 02:21:41,035 [WARN] ModelIntegratedComponent:64 - No mode defined for component null
2023-04-04 02:21:41,035 [WARN] ModelIntegratedComponent:64 - No mode defined for component null
2023-04-04 02:21:41,035 [WARN] ModelIntegratedComponent:64 - No mode defined for component null
2023-04-04 02:21:41,035 [WARN] ModelIntegratedComponent:64 - No mode defined for component null
2023-04-04 02:21:41,035 [WARN] ModelIntegratedComponent:64 - No mode defined for component null
2023-04-04 02:21:41,035 [WARN] ModelIntegratedComponent:64 - No mode defined for component null
2023-04-04 02:21:41,035 [WARN] ModelIntegratedComponent:64 - No mode defined for component null
2023-04-04 02:21:41,035 [WARN] ModelIntegratedComponent:64 - No mode defined for component null
2023-04-04 02:21:41,035 [WARN] ModelIntegratedComponent:64 - No mode defined for component null
2023-04-04 02:21:41,035 [WARN] ModelIntegratedComponent:64 - No mode defined for component null
2023-04-04 02:21:41,035 [WARN] ModelIntegratedComponent:64 - No mode defined for component null
2023-04-04 02:21:41,036 [WARN] ModelIntegratedComponent:64 - No mode defined for component null
2023-04-04 02:21:41,036 [WARN] ModelIntegratedComponent:64 - No mode defined for component null
2023-04-04 02:21:41,036 [WARN] ModelIntegratedComponent:64 - No mode defined for component null
2023-04-04 02:21:41,036 [WARN] ModelIntegratedComponent:64 - No mode defined for component null
2023-04-04 02:21:41,036 [WARN] ModelIntegratedComponent:64 - No mode defined for component null
2023-04-04 02:21:41,036 [WARN] ModelIntegratedComponent:64 - No mode defined for component null
2023-04-04 02:21:41,036 [WARN] ModelIntegratedComponent:64 - No mode defined for component null
2023-04-04 02:21:41,036 [WARN] ModelIntegratedComponent:64 - No mode defined for component null
2023-04-04 02:21:41,036 [WARN] ModelIntegratedComponent:64 - No mode defined for component null
2023-04-04 02:21:41,036 [WARN] ModelIntegratedComponent:64 - No mode defined for component null
2023-04-04 02:21:41,036 [WARN] ModelIntegratedComponent:64 - No mode defined for component null
2023-04-04 02:21:41,037 [WARN] ModelIntegratedComponent:64 - No mode defined for component null
2023-04-04 02:21:41,037 [WARN] ModelIntegratedComponent:64 - No mode defined for component null
2023-04-04 02:21:41,037 [WARN] ModelIntegratedComponent:64 - No mode defined for component null
2023-04-04 02:21:41,037 [WARN] ModelIntegratedComponent:64 - No mode defined for component null
2023-04-04 02:21:41,037 [WARN] ModelIntegratedComponent:64 - No mode defined for component null
2023-04-04 02:21:41,037 [WARN] ModelIntegratedComponent:64 - No mode defined for component null
2023-04-04 02:21:41,138 [INFO] ThirdPartyModel:294 - Start build external matchings
2023-04-04 02:21:41,556 [INFO] ThirdPartyModel:310 - End build external matchings
2023-04-04 02:21:42,289 [INFO] UtilMem:74 - End LoadConfig() Used Memory: 594211512 Bytes (1059061760)
2023-04-04 02:21:42,352 [WARN] ThirdParty:807 - waiting for thirdparty lock release [change project]
2023-04-04 02:21:42,353 [INFO] ThirdParty:809 - entering critical section [change project]
2023-04-04 02:21:42,353 [INFO] ThirdParty:999 - CMSIS Pack Vendor :STMicroelectronics X-CUBE-ISPU 1.1.0
2023-04-04 02:21:42,353 [INFO] ThirdParty:999 - CMSIS Pack Vendor :RoweBots I-CUBE-UNISONRTOS 5.5.0-4
2023-04-04 02:21:42,353 [INFO] ThirdParty:999 - CMSIS Pack Vendor :STMicroelectronics X-CUBE-GNSS1 6.0.0
2023-04-04 02:21:42,353 [INFO] ThirdParty:999 - CMSIS Pack Vendor :STMicroelectronics USB_HOST 2.0.0
2023-04-04 02:21:42,353 [INFO] ThirdParty:999 - CMSIS Pack Vendor :STMicroelectronics X-CUBE-AZRTOS-F4 1.1.0
2023-04-04 02:21:42,353 [INFO] ThirdParty:999 - CMSIS Pack Vendor :STMicroelectronics LIBJPEG 8.0.0
2023-04-04 02:21:42,353 [INFO] ThirdParty:999 - CMSIS Pack Vendor :STMicroelectronics USB_DEVICE 3.0.0
2023-04-04 02:21:42,353 [INFO] ThirdParty:999 - CMSIS Pack Vendor :STMicroelectronics X-CUBE-AI 8.0.0
2023-04-04 02:21:42,353 [INFO] ThirdParty:999 - CMSIS Pack Vendor :STMicroelectronics X-CUBE-FREERTOS 1.0.0
2023-04-04 02:21:42,353 [INFO] ThirdParty:999 - CMSIS Pack Vendor :STMicroelectronics X-CUBE-TOUCHGFX 4.21.1
2023-04-04 02:21:42,353 [INFO] ThirdParty:999 - CMSIS Pack Vendor :STMicroelectronics X-CUBE-TOUCHGFX 4.21.0
2023-04-04 02:21:42,353 [INFO] ThirdParty:999 - CMSIS Pack Vendor :STMicroelectronics X-CUBE-TOUCHGFX 4.21.3
2023-04-04 02:21:42,353 [INFO] ThirdParty:999 - CMSIS Pack Vendor :STMicroelectronics X-CUBE-AZRTOS-F7 1.1.0
2023-04-04 02:21:42,353 [INFO] ThirdParty:999 - CMSIS Pack Vendor :STMicroelectronics X-CUBE-MEMS1 9.4.0
2023-04-04 02:21:42,353 [INFO] ThirdParty:999 - CMSIS Pack Vendor :STMicroelectronics USB_DEVICE 2.0.0
2023-04-04 02:21:42,353 [INFO] ThirdParty:999 - CMSIS Pack Vendor :STMicroelectronics X-CUBE-AI 7.3.0
2023-04-04 02:21:42,353 [INFO] ThirdParty:999 - CMSIS Pack Vendor :STMicroelectronics X-CUBE-ALGOBUILD 1.3.0
2023-04-04 02:21:42,353 [INFO] ThirdParty:999 - CMSIS Pack Vendor :STMicroelectronics X-CUBE-BLE1 6.2.4
2023-04-04 02:21:42,353 [INFO] ThirdParty:999 - CMSIS Pack Vendor :STMicroelectronics X-CUBE-AZRTOS-L5 1.1.0
2023-04-04 02:21:42,353 [INFO] ThirdParty:999 - CMSIS Pack Vendor :STMicroelectronics FreeRTOS 0.0.1
2023-04-04 02:21:42,353 [INFO] ThirdParty:999 - CMSIS Pack Vendor :emotas I-CUBE-CANOPEN 1.1.3
2023-04-04 02:21:42,353 [INFO] ThirdParty:999 - CMSIS Pack Vendor :STMicroelectronics X-CUBE-AZRTOS-G0 1.1.0
2023-04-04 02:21:42,353 [INFO] ThirdParty:999 - CMSIS Pack Vendor :STMicroelectronics X-CUBE-BLEMGR 2.0.0
2023-04-04 02:21:42,355 [INFO] ThirdParty:999 - CMSIS Pack Vendor :STMicroelectronics X-CUBE-SUBG2 5.0.0
2023-04-04 02:21:42,355 [INFO] ThirdParty:999 - CMSIS Pack Vendor :STMicroelectronics X-CUBE-NFC4 3.0.0
2023-04-04 02:21:42,355 [INFO] ThirdParty:999 - CMSIS Pack Vendor :STMicroelectronics STM32_WPAN 1.0.0
2023-04-04 02:21:42,355 [INFO] ThirdParty:999 - CMSIS Pack Vendor :STMicroelectronics lwIP 2.0.3
2023-04-04 02:21:42,355 [INFO] ThirdParty:999 - CMSIS Pack Vendor :STMicroelectronics X-CUBE-NFC4 2.0.5
2023-04-04 02:21:42,355 [INFO] ThirdParty:999 - CMSIS Pack Vendor :STMicroelectronics USB_HOST 1.0.0
2023-04-04 02:21:42,355 [INFO] ThirdParty:999 - CMSIS Pack Vendor :STMicroelectronics PDM2PCM 3.1.0
2023-04-04 02:21:42,355 [INFO] ThirdParty:999 - CMSIS Pack Vendor :STMicroelectronics X-CUBE-TOF1 3.3.0
2023-04-04 02:21:42,355 [INFO] ThirdParty:999 - CMSIS Pack Vendor :STMicroelectronics FP-ATR-ASTRA1 1.1.1
2023-04-04 02:21:42,355 [INFO] ThirdParty:999 - CMSIS Pack Vendor :STMicroelectronics PDM2PCM 3.3.0
2023-04-04 02:21:42,355 [INFO] ThirdParty:999 - CMSIS Pack Vendor :STMicroelectronics X-CUBE-DISPLAY 3.0.0
2023-04-04 02:21:42,356 [INFO] ThirdParty:999 - CMSIS Pack Vendor :STMicroelectronics X-CUBE-BLEMGR 1.3.0
2023-04-04 02:21:42,356 [INFO] ThirdParty:999 - CMSIS Pack Vendor :STMicroelectronics X-CUBE-AZRTOS-G4 1.0.0
2023-04-04 02:21:42,356 [INFO] ThirdParty:999 - CMSIS Pack Vendor :STMicroelectronics FP-ATR-SIGFOX1 3.2.0
2023-04-04 02:21:42,356 [INFO] ThirdParty:999 - CMSIS Pack Vendor :wolfSSL I-CUBE-wolfSSL 5.5.4
2023-04-04 02:21:42,356 [INFO] ThirdParty:999 - CMSIS Pack Vendor :STMicroelectronics X-CUBE-AZRTOS-L4 1.0.0
2023-04-04 02:21:42,356 [INFO] ThirdParty:999 - CMSIS Pack Vendor :STMicroelectronics HAL Drivers 0.0.0
2023-04-04 02:21:42,356 [INFO] ThirdParty:999 - CMSIS Pack Vendor :STMicroelectronics MBEDTLS 2.16.2
2023-04-04 02:21:42,356 [INFO] ThirdParty:999 - CMSIS Pack Vendor :STMicroelectronics MBEDTLS 2.14.1
2023-04-04 02:21:42,356 [INFO] ThirdParty:999 - CMSIS Pack Vendor :STMicroelectronics X-CUBE-NFC7 1.0.0
2023-04-04 02:21:42,356 [INFO] ThirdParty:999 - CMSIS Pack Vendor :STMicroelectronics X-CUBE-AZRTOS-WL 1.0.0
2023-04-04 02:21:42,356 [INFO] ThirdParty:999 - CMSIS Pack Vendor :STMicroelectronics X-CUBE-EEPRMA1 4.1.0
2023-04-04 02:21:42,356 [INFO] ThirdParty:999 - CMSIS Pack Vendor :portGmbH I-Cube-SoM-uGOAL 1.1.0
2023-04-04 02:21:42,356 [INFO] ThirdParty:999 - CMSIS Pack Vendor :STMicroelectronics X-CUBE-ALS 1.0.1
2023-04-04 02:21:42,356 [INFO] ThirdParty:999 - CMSIS Pack Vendor :STMicroelectronics X-CUBE-MEMS1 9.5.0
2023-04-04 02:21:42,356 [INFO] ThirdParty:999 - CMSIS Pack Vendor :STMicroelectronics ThreadX 1.0.0
2023-04-04 02:21:42,356 [INFO] ThirdParty:999 - CMSIS Pack Vendor :STMicroelectronics X-CUBE-AZRTOS-WB 1.1.0
2023-04-04 02:21:42,356 [INFO] ThirdParty:999 - CMSIS Pack Vendor :SEGGER I-CUBE-embOS 1.3.1
2023-04-04 02:21:42,356 [INFO] ThirdParty:999 - CMSIS Pack Vendor :STMicroelectronics USB_DEVICE 1.0.0
2023-04-04 02:21:42,356 [INFO] ThirdParty:999 - CMSIS Pack Vendor :SEGGER I-CUBE-embOS 1.3.0
2023-04-04 02:21:42,356 [INFO] ThirdParty:999 - CMSIS Pack Vendor :STMicroelectronics ThreadX 0.0.2
2023-04-04 02:21:42,356 [INFO] ThirdParty:999 - CMSIS Pack Vendor :WES I-CUBE-Cesium 1.3.0
2023-04-04 02:21:42,356 [INFO] ThirdParty:999 - CMSIS Pack Vendor :STMicroelectronics lwIP 2.1.2
2023-04-04 02:21:42,356 [INFO] ThirdParty:999 - CMSIS Pack Vendor :STMicroelectronics X-CUBE-SFXS2LP1 4.0.0
2023-04-04 02:21:42,356 [INFO] ThirdParty:999 - CMSIS Pack Vendor :STMicroelectronics X-CUBE-BLE2 3.3.0
2023-04-04 02:21:42,356 [INFO] ThirdParty:999 - CMSIS Pack Vendor :STMicroelectronics X-CUBE-DISPLAY 2.2.0
2023-04-04 02:21:42,356 [INFO] ThirdParty:999 - CMSIS Pack Vendor :STMicroelectronics X-CUBE-TOF1 3.2.0
2023-04-04 02:21:42,356 [INFO] ThirdParty:999 - CMSIS Pack Vendor :STMicroelectronics PDM2PCM 3.2.0
2023-04-04 02:21:42,356 [INFO] ThirdParty:999 - CMSIS Pack Vendor :STMicroelectronics X-CUBE-AZRTOS-H7 3.0.0
2023-04-04 02:21:42,356 [INFO] ThirdParty:815 - exiting critical section [change project]
2023-04-04 02:21:42,771 [INFO] PinOutPanel:1477 - setPackage(No Configuration,No Configuration)
2023-04-04 02:21:42,776 [INFO] PinOutPanel:1477 - setPackage(STM32L4R5ZITxP,LQFP144)
2023-04-04 02:21:43,294 [INFO] UtilMem:74 - Before build in PCC Used Memory: 627052072 Bytes (1059061760)
2023-04-04 02:21:43,849 [INFO] UtilMem:74 - After build in PCC Used Memory: 734539320 Bytes (1059061760)
2023-04-04 02:21:43,879 [INFO] IPUIPlugin:79 - create IPUIPlugin
2023-04-04 02:21:43,880 [INFO] IPUIPlugin:79 - create IPUIPlugin
2023-04-04 02:21:43,880 [INFO] IPUIPlugin:79 - create IPUIPlugin
2023-04-04 02:21:43,880 [INFO] IPUIPlugin:79 - create IPUIPlugin
2023-04-04 02:21:43,880 [INFO] IPUIPlugin:79 - create IPUIPlugin
2023-04-04 02:21:43,880 [INFO] IPUIPlugin:79 - create IPUIPlugin
2023-04-04 02:21:43,881 [INFO] IPUIPlugin:79 - create IPUIPlugin
2023-04-04 02:21:43,881 [INFO] IPUIPlugin:79 - create IPUIPlugin
2023-04-04 02:21:43,881 [INFO] IPUIPlugin:79 - create IPUIPlugin
2023-04-04 02:21:43,881 [INFO] IPUIPlugin:79 - create IPUIPlugin
2023-04-04 02:21:43,882 [INFO] IPUIPlugin:79 - create IPUIPlugin
2023-04-04 02:21:43,882 [INFO] IPUIPlugin:79 - create IPUIPlugin
2023-04-04 02:21:43,882 [INFO] IPUIPlugin:79 - create IPUIPlugin
2023-04-04 02:21:43,883 [INFO] IPUIPlugin:79 - create IPUIPlugin
2023-04-04 02:21:43,883 [INFO] IPUIPlugin:79 - create IPUIPlugin
2023-04-04 02:21:43,883 [INFO] IPUIPlugin:79 - create IPUIPlugin
2023-04-04 02:21:43,883 [INFO] IPUIPlugin:79 - create IPUIPlugin
2023-04-04 02:21:43,883 [INFO] IPUIPlugin:79 - create IPUIPlugin
2023-04-04 02:21:43,884 [INFO] IPUIPlugin:79 - create IPUIPlugin
2023-04-04 02:21:43,884 [INFO] IPUIPlugin:79 - create IPUIPlugin
2023-04-04 02:21:43,884 [INFO] IPUIPlugin:79 - create IPUIPlugin
2023-04-04 02:21:43,884 [INFO] IPUIPlugin:79 - create IPUIPlugin
2023-04-04 02:21:43,885 [INFO] IPUIPlugin:79 - create IPUIPlugin
2023-04-04 02:21:43,885 [INFO] IPUIPlugin:79 - create IPUIPlugin
2023-04-04 02:21:43,885 [INFO] IPUIPlugin:79 - create IPUIPlugin
2023-04-04 02:21:43,885 [INFO] IPUIPlugin:79 - create IPUIPlugin
2023-04-04 02:21:43,887 [INFO] IPUIPlugin:79 - create IPUIPlugin
2023-04-04 02:21:43,887 [INFO] IPUIPlugin:79 - create IPUIPlugin
2023-04-04 02:21:43,887 [INFO] IPUIPlugin:79 - create IPUIPlugin
2023-04-04 02:21:43,888 [INFO] IPUIPlugin:79 - create IPUIPlugin
2023-04-04 02:21:43,888 [INFO] IPUIPlugin:79 - create IPUIPlugin
2023-04-04 02:21:43,888 [INFO] IPUIPlugin:79 - create IPUIPlugin
2023-04-04 02:21:43,889 [INFO] IPUIPlugin:79 - create IPUIPlugin
2023-04-04 02:21:43,889 [INFO] IPUIPlugin:79 - create IPUIPlugin
2023-04-04 02:21:43,889 [INFO] IPUIPlugin:79 - create IPUIPlugin
2023-04-04 02:21:43,889 [INFO] IPUIPlugin:79 - create IPUIPlugin
2023-04-04 02:21:43,889 [INFO] IPUIPlugin:79 - create IPUIPlugin
2023-04-04 02:21:43,890 [INFO] IPUIPlugin:79 - create IPUIPlugin
2023-04-04 02:21:43,891 [INFO] IPUIPlugin:79 - create IPUIPlugin
2023-04-04 02:21:43,892 [INFO] IPUIPlugin:79 - create IPUIPlugin
2023-04-04 02:21:43,892 [INFO] IPUIPlugin:79 - create IPUIPlugin
2023-04-04 02:21:43,892 [INFO] IPUIPlugin:79 - create IPUIPlugin
2023-04-04 02:21:43,893 [INFO] IPUIPlugin:79 - create IPUIPlugin
2023-04-04 02:21:43,893 [INFO] IPUIPlugin:79 - create IPUIPlugin
2023-04-04 02:21:43,894 [INFO] IPUIPlugin:79 - create IPUIPlugin
2023-04-04 02:21:43,894 [INFO] IPUIPlugin:79 - create IPUIPlugin
2023-04-04 02:21:43,895 [INFO] IPUIPlugin:79 - create IPUIPlugin
2023-04-04 02:21:43,895 [INFO] IPUIPlugin:79 - create IPUIPlugin
2023-04-04 02:21:43,895 [INFO] IPUIPlugin:79 - create IPUIPlugin
2023-04-04 02:21:43,896 [INFO] IPUIPlugin:79 - create IPUIPlugin
2023-04-04 02:21:43,896 [INFO] IPUIPlugin:79 - create IPUIPlugin
2023-04-04 02:21:43,897 [INFO] IPUIPlugin:79 - create IPUIPlugin
2023-04-04 02:21:43,897 [INFO] IPUIPlugin:79 - create IPUIPlugin
2023-04-04 02:21:43,898 [INFO] IPUIPlugin:79 - create IPUIPlugin
2023-04-04 02:21:43,898 [INFO] IPUIPlugin:79 - create IPUIPlugin
2023-04-04 02:21:43,899 [INFO] IPUIPlugin:79 - create IPUIPlugin
2023-04-04 02:21:43,900 [INFO] IPUIPlugin:79 - create IPUIPlugin
2023-04-04 02:21:43,901 [INFO] IPUIPlugin:79 - create IPUIPlugin
2023-04-04 02:21:43,901 [INFO] IPUIPlugin:79 - create IPUIPlugin
2023-04-04 02:21:43,902 [INFO] IPUIPlugin:79 - create IPUIPlugin
2023-04-04 02:21:43,903 [INFO] IPUIPlugin:79 - create IPUIPlugin
2023-04-04 02:21:43,928 [INFO] CADModel:164 - CPN selected for project levelSTM32L4R5ZIT6P
2023-04-04 02:21:43,928 [INFO] CADModel:113 - Register for checkConnection events
2023-04-04 02:21:43,997 [INFO] OpenFileManager:327 - Restore cursor
2023-04-04 02:23:20,612 [INFO] UtilMem:74 - End SaveConfig() Used Memory: 832688360 Bytes (1059061760)
2023-04-04 02:23:23,522 [INFO] UtilMem:74 - End SaveConfig() Used Memory: 858030208 Bytes (1059061760)
2023-04-04 02:23:25,537 [INFO] UtilMem:74 - End SaveConfig() Used Memory: 572599536 Bytes (1059061760)
2023-04-04 02:23:26,411 [INFO] BlockDiagram:2759 - set Specific Code input for plugin: SYS
2023-04-04 02:23:26,411 [INFO] BlockDiagram:2759 - set Specific Code input for plugin: RCC
2023-04-04 02:23:26,412 [INFO] BlockDiagram:2759 - set Specific Code input for plugin: NVIC
2023-04-04 02:23:26,412 [INFO] BlockDiagram:2759 - set Specific Code input for plugin: USART
2023-04-04 02:23:26,413 [INFO] BlockDiagram:2759 - set Specific Code input for plugin: GPIO
2023-04-04 02:23:26,415 [INFO] CodeGenerator:692 - code generatio: config db path: C:/Users/Jeremy/.stm32cubemx/databases/DB.6.0.60/db/
2023-04-04 02:23:26,825 [INFO] CodeEngine:247 - oldGeneratedFile, C:\Users\Jeremy\Documents\W23\373\finalProject\AutomatedChess\motorDriving\MXTmpFiles\license.tmp_save
2023-04-04 02:23:27,588 [INFO] CodeEngine:271 - Generated code: C:\Users\Jeremy\Documents\W23\373\finalProject\AutomatedChess\motorDriving\MXTmpFiles\license.tmp
2023-04-04 02:23:28,015 [INFO] CodeEngine:247 - oldGeneratedFile, C:\Users\Jeremy\Documents\W23\373\finalProject\AutomatedChess\motorDriving\MXTmpFiles\gpio.tmp_save
2023-04-04 02:23:28,246 [INFO] CodeEngine:271 - Generated code: C:\Users\Jeremy\Documents\W23\373\finalProject\AutomatedChess\motorDriving\MXTmpFiles\gpio.tmp
2023-04-04 02:23:28,885 [INFO] CodeEngine:247 - oldGeneratedFile, C:\Users\Jeremy\Documents\W23\373\finalProject\AutomatedChess\motorDriving\Core\Src\stm32l4xx_it.c_save
2023-04-04 02:23:29,147 [INFO] CodeEngine:271 - Generated code: C:\Users\Jeremy\Documents\W23\373\finalProject\AutomatedChess\motorDriving\Core\Src\stm32l4xx_it.c
2023-04-04 02:23:29,164 [INFO] CodeEngine:247 - oldGeneratedFile, C:\Users\Jeremy\Documents\W23\373\finalProject\AutomatedChess\motorDriving\Core\Inc\stm32l4xx_it.h_save
2023-04-04 02:23:29,301 [INFO] CodeEngine:271 - Generated code: C:\Users\Jeremy\Documents\W23\373\finalProject\AutomatedChess\motorDriving\Core\Inc\stm32l4xx_it.h
2023-04-04 02:23:29,341 [INFO] CodeEngine:247 - oldGeneratedFile, C:\Users\Jeremy\Documents\W23\373\finalProject\AutomatedChess\motorDriving\Core\Src\stm32l4xx_hal_msp.c_save
2023-04-04 02:23:29,557 [INFO] CodeEngine:271 - Generated code: C:\Users\Jeremy\Documents\W23\373\finalProject\AutomatedChess\motorDriving\Core\Src\stm32l4xx_hal_msp.c
2023-04-04 02:23:29,572 [INFO] CodeEngine:247 - oldGeneratedFile, C:\Users\Jeremy\Documents\W23\373\finalProject\AutomatedChess\motorDriving\MXTmpFiles\system.tmp_save
2023-04-04 02:23:29,655 [INFO] CodeEngine:271 - Generated code: C:\Users\Jeremy\Documents\W23\373\finalProject\AutomatedChess\motorDriving\MXTmpFiles\system.tmp
2023-04-04 02:23:29,681 [INFO] CodeEngine:303 - oldGeneratedFile, C:\Users\Jeremy\Documents\W23\373\finalProject\AutomatedChess\motorDriving\Core\Inc\stm32l4xx_hal_conf.h_save
2023-04-04 02:23:29,802 [INFO] CodeEngine:327 - Generated code: C:\Users\Jeremy\Documents\W23\373\finalProject\AutomatedChess\motorDriving\Core\Inc\stm32l4xx_hal_conf.h
2023-04-04 02:23:29,876 [INFO] CodeEngine:247 - oldGeneratedFile, C:\Users\Jeremy\Documents\W23\373\finalProject\AutomatedChess\motorDriving\Core\Inc\main.h_save
2023-04-04 02:23:29,991 [INFO] CodeEngine:271 - Generated code: C:\Users\Jeremy\Documents\W23\373\finalProject\AutomatedChess\motorDriving\Core\Inc\main.h
2023-04-04 02:23:30,019 [INFO] CodeEngine:247 - oldGeneratedFile, C:\Users\Jeremy\Documents\W23\373\finalProject\AutomatedChess\motorDriving\Core\Src\main.c_save
2023-04-04 02:23:30,430 [INFO] CodeEngine:271 - Generated code: C:\Users\Jeremy\Documents\W23\373\finalProject\AutomatedChess\motorDriving\Core\Src\main.c
2023-04-04 02:23:31,375 [INFO] ProjectBuilder:2919 - Time for Copy HAL[1] : 373mS.
2023-04-04 02:23:31,391 [INFO] ProjectBuilder:4183 - Project Generator version: 3.18.0-B7
2023-04-04 02:23:31,786 [INFO] ConfigFileManager:1396 - The Die is : DIE470
2023-04-04 02:23:31,822 [INFO] ApiDbMcu:505 - Load IP Config File for FATFS
2023-04-04 02:23:31,836 [INFO] ApiDbMcu:505 - Load IP Config File for FREERTOS
2023-04-04 02:23:31,856 [INFO] ApiDbMcu:505 - Load IP Config File for TOUCHSENSING
2023-04-04 02:23:31,870 [INFO] ApiDbMcu:505 - Load IP Config File for USB_DEVICE
2023-04-04 02:23:31,887 [INFO] ApiDbMcu:505 - Load IP Config File for USB_HOST
2023-04-04 02:23:34,951 [INFO] ProjectBuilder:4351 - Time for Generating toolchain IDE Files: 3559mS.
2023-04-04 02:23:34,951 [INFO] ProjectBuilder:2790 - Time for Copy CMSIS : 0mS.
2023-04-04 02:23:34,955 [INFO] ProjectBuilder:2790 - Time for Copy CMSIS : 1mS.
2023-04-04 02:33:45,522 [INFO] MainUpdater:2800 - connection check result : 10
2023-04-04 02:33:45,525 [INFO] MainUpdater:2800 - connection check result : 10
2023-04-04 02:33:45,608 [INFO] MicroXplorer:451 - Change Database Path : 
2023-04-04 02:33:45,608 [INFO] MicroXplorer:481 - Change Database Version : DB.6.0.70
2023-04-04 02:33:45,697 [WARN] ThirdParty:845 - waiting for thirdparty lock release [close project]
2023-04-04 02:33:45,697 [INFO] ThirdParty:847 - entering critical section [close project]
2023-04-04 02:33:45,697 [INFO] ThirdParty:857 - exiting critical section [close project]
2023-04-04 02:33:45,699 [INFO] PinOutPanel:1477 - setPackage(No Configuration,No Configuration)
2023-04-04 02:33:45,707 [INFO] UtilMem:74 - Begin LoadConfig() Used Memory: 642027624 Bytes (1059061760)
2023-04-04 02:33:45,713 [INFO] MicroXplorer:451 - Change Database Path : C:/Users/Jeremy/.stm32cubemx/databases/DB.6.0.60/db/
2023-04-04 02:33:45,713 [INFO] MicroXplorer:481 - Change Database Version : DB.6.0.60
2023-04-04 02:33:47,652 [INFO] OpenFileManager:307 - Change cursor
2023-04-04 02:33:47,691 [INFO] RulesReader:61 - Compatibility file has been processed (282 Rules)
2023-04-04 02:33:47,698 [INFO] Mcu:1925 - Initializing MCU STM32L4R5ZITxP STM32L4R5ZITxP STM32L4R5ZIT6P
2023-04-04 02:33:50,851 [INFO] Context:654 - Trying to add GPIOservice into a context  which must be forbidden
2023-04-04 02:33:51,321 [INFO] RtosManager:489 - Registered RTOS mode: class=CMSIS, group=RTOS, mode=CMSIS_V1, owner=FREERTOS
2023-04-04 02:33:51,322 [INFO] RtosManager:489 - Registered RTOS mode: class=CMSIS, group=RTOS2, mode=CMSIS_V2, owner=FREERTOS
2023-04-04 02:33:51,322 [INFO] RtosManager:489 - Registered RTOS mode: class=RTOS, group=Core, mode=CMSIS_V1, owner=FREERTOS
2023-04-04 02:33:51,322 [INFO] RtosManager:489 - Registered RTOS mode: class=RTOS, group=Core, mode=CMSIS_V2, owner=FREERTOS
2023-04-04 02:33:51,322 [WARN] ModelIntegratedComponent:185 - Missing modes for component STMicroelectronics:FreeRTOS:0.0.1:STMicroelectronics:RTOS:FreeRTOS:Core:::10.2.0:
2023-04-04 02:33:51,333 [WARN] ModelIntegratedComponent:64 - No mode defined for component null
2023-04-04 02:33:51,333 [WARN] ModelIntegratedComponent:64 - No mode defined for component null
2023-04-04 02:33:51,333 [WARN] ModelIntegratedComponent:64 - No mode defined for component null
2023-04-04 02:33:51,333 [WARN] ModelIntegratedComponent:64 - No mode defined for component null
2023-04-04 02:33:51,333 [WARN] ModelIntegratedComponent:64 - No mode defined for component null
2023-04-04 02:33:51,333 [WARN] ModelIntegratedComponent:64 - No mode defined for component null
2023-04-04 02:33:51,333 [WARN] ModelIntegratedComponent:64 - No mode defined for component null
2023-04-04 02:33:51,333 [WARN] ModelIntegratedComponent:64 - No mode defined for component null
2023-04-04 02:33:51,333 [WARN] ModelIntegratedComponent:64 - No mode defined for component null
2023-04-04 02:33:51,333 [WARN] ModelIntegratedComponent:64 - No mode defined for component null
2023-04-04 02:33:51,333 [WARN] ModelIntegratedComponent:64 - No mode defined for component null
2023-04-04 02:33:51,333 [WARN] ModelIntegratedComponent:64 - No mode defined for component null
2023-04-04 02:33:51,334 [WARN] ModelIntegratedComponent:64 - No mode defined for component null
2023-04-04 02:33:51,334 [WARN] ModelIntegratedComponent:64 - No mode defined for component null
2023-04-04 02:33:51,334 [WARN] ModelIntegratedComponent:64 - No mode defined for component null
2023-04-04 02:33:51,334 [WARN] ModelIntegratedComponent:64 - No mode defined for component null
2023-04-04 02:33:51,334 [WARN] ModelIntegratedComponent:64 - No mode defined for component null
2023-04-04 02:33:51,334 [WARN] ModelIntegratedComponent:64 - No mode defined for component null
2023-04-04 02:33:51,334 [WARN] ModelIntegratedComponent:64 - No mode defined for component null
2023-04-04 02:33:51,334 [WARN] ModelIntegratedComponent:64 - No mode defined for component null
2023-04-04 02:33:51,334 [WARN] ModelIntegratedComponent:64 - No mode defined for component null
2023-04-04 02:33:51,335 [WARN] ModelIntegratedComponent:64 - No mode defined for component null
2023-04-04 02:33:51,335 [WARN] ModelIntegratedComponent:64 - No mode defined for component null
2023-04-04 02:33:51,335 [WARN] ModelIntegratedComponent:64 - No mode defined for component null
2023-04-04 02:33:51,335 [WARN] ModelIntegratedComponent:64 - No mode defined for component null
2023-04-04 02:33:51,335 [WARN] ModelIntegratedComponent:64 - No mode defined for component null
2023-04-04 02:33:51,335 [WARN] ModelIntegratedComponent:64 - No mode defined for component null
2023-04-04 02:33:51,335 [WARN] ModelIntegratedComponent:64 - No mode defined for component null
2023-04-04 02:33:51,335 [WARN] ModelIntegratedComponent:64 - No mode defined for component null
2023-04-04 02:33:51,335 [WARN] ModelIntegratedComponent:64 - No mode defined for component null
2023-04-04 02:33:51,336 [WARN] ModelIntegratedComponent:64 - No mode defined for component null
2023-04-04 02:33:51,336 [WARN] ModelIntegratedComponent:64 - No mode defined for component null
2023-04-04 02:33:51,336 [WARN] ModelIntegratedComponent:64 - No mode defined for component null
2023-04-04 02:33:51,490 [INFO] ThirdPartyModel:294 - Start build external matchings
2023-04-04 02:33:51,955 [INFO] ThirdPartyModel:310 - End build external matchings
2023-04-04 02:33:52,429 [INFO] UtilMem:74 - End LoadConfig() Used Memory: 636315344 Bytes (1059061760)
2023-04-04 02:33:52,488 [WARN] ThirdParty:807 - waiting for thirdparty lock release [change project]
2023-04-04 02:33:52,488 [INFO] ThirdParty:809 - entering critical section [change project]
2023-04-04 02:33:52,488 [INFO] ThirdParty:999 - CMSIS Pack Vendor :STMicroelectronics X-CUBE-ISPU 1.1.0
2023-04-04 02:33:52,488 [INFO] ThirdParty:999 - CMSIS Pack Vendor :RoweBots I-CUBE-UNISONRTOS 5.5.0-4
2023-04-04 02:33:52,488 [INFO] ThirdParty:999 - CMSIS Pack Vendor :STMicroelectronics X-CUBE-GNSS1 6.0.0
2023-04-04 02:33:52,488 [INFO] ThirdParty:999 - CMSIS Pack Vendor :STMicroelectronics USB_HOST 2.0.0
2023-04-04 02:33:52,488 [INFO] ThirdParty:999 - CMSIS Pack Vendor :STMicroelectronics X-CUBE-AZRTOS-F4 1.1.0
2023-04-04 02:33:52,488 [INFO] ThirdParty:999 - CMSIS Pack Vendor :STMicroelectronics LIBJPEG 8.0.0
2023-04-04 02:33:52,488 [INFO] ThirdParty:999 - CMSIS Pack Vendor :STMicroelectronics USB_DEVICE 3.0.0
2023-04-04 02:33:52,488 [INFO] ThirdParty:999 - CMSIS Pack Vendor :STMicroelectronics X-CUBE-AI 8.0.0
2023-04-04 02:33:52,489 [INFO] ThirdParty:999 - CMSIS Pack Vendor :STMicroelectronics X-CUBE-FREERTOS 1.0.0
2023-04-04 02:33:52,489 [INFO] ThirdParty:999 - CMSIS Pack Vendor :STMicroelectronics X-CUBE-TOUCHGFX 4.21.1
2023-04-04 02:33:52,489 [INFO] ThirdParty:999 - CMSIS Pack Vendor :STMicroelectronics X-CUBE-TOUCHGFX 4.21.0
2023-04-04 02:33:52,489 [INFO] ThirdParty:999 - CMSIS Pack Vendor :STMicroelectronics X-CUBE-TOUCHGFX 4.21.3
2023-04-04 02:33:52,489 [INFO] ThirdParty:999 - CMSIS Pack Vendor :STMicroelectronics X-CUBE-AZRTOS-F7 1.1.0
2023-04-04 02:33:52,489 [INFO] ThirdParty:999 - CMSIS Pack Vendor :STMicroelectronics X-CUBE-MEMS1 9.4.0
2023-04-04 02:33:52,489 [INFO] ThirdParty:999 - CMSIS Pack Vendor :STMicroelectronics USB_DEVICE 2.0.0
2023-04-04 02:33:52,489 [INFO] ThirdParty:999 - CMSIS Pack Vendor :STMicroelectronics X-CUBE-AI 7.3.0
2023-04-04 02:33:52,489 [INFO] ThirdParty:999 - CMSIS Pack Vendor :STMicroelectronics X-CUBE-ALGOBUILD 1.3.0
2023-04-04 02:33:52,489 [INFO] ThirdParty:999 - CMSIS Pack Vendor :STMicroelectronics X-CUBE-BLE1 6.2.4
2023-04-04 02:33:52,489 [INFO] ThirdParty:999 - CMSIS Pack Vendor :STMicroelectronics X-CUBE-AZRTOS-L5 1.1.0
2023-04-04 02:33:52,489 [INFO] ThirdParty:999 - CMSIS Pack Vendor :STMicroelectronics FreeRTOS 0.0.1
2023-04-04 02:33:52,489 [INFO] ThirdParty:999 - CMSIS Pack Vendor :emotas I-CUBE-CANOPEN 1.1.3
2023-04-04 02:33:52,489 [INFO] ThirdParty:999 - CMSIS Pack Vendor :STMicroelectronics X-CUBE-AZRTOS-G0 1.1.0
2023-04-04 02:33:52,489 [INFO] ThirdParty:999 - CMSIS Pack Vendor :STMicroelectronics X-CUBE-BLEMGR 2.0.0
2023-04-04 02:33:52,489 [INFO] ThirdParty:999 - CMSIS Pack Vendor :STMicroelectronics X-CUBE-SUBG2 5.0.0
2023-04-04 02:33:52,489 [INFO] ThirdParty:999 - CMSIS Pack Vendor :STMicroelectronics X-CUBE-NFC4 3.0.0
2023-04-04 02:33:52,489 [INFO] ThirdParty:999 - CMSIS Pack Vendor :STMicroelectronics STM32_WPAN 1.0.0
2023-04-04 02:33:52,489 [INFO] ThirdParty:999 - CMSIS Pack Vendor :STMicroelectronics lwIP 2.0.3
2023-04-04 02:33:52,489 [INFO] ThirdParty:999 - CMSIS Pack Vendor :STMicroelectronics X-CUBE-NFC4 2.0.5
2023-04-04 02:33:52,489 [INFO] ThirdParty:999 - CMSIS Pack Vendor :STMicroelectronics USB_HOST 1.0.0
2023-04-04 02:33:52,489 [INFO] ThirdParty:999 - CMSIS Pack Vendor :STMicroelectronics PDM2PCM 3.1.0
2023-04-04 02:33:52,489 [INFO] ThirdParty:999 - CMSIS Pack Vendor :STMicroelectronics X-CUBE-TOF1 3.3.0
2023-04-04 02:33:52,489 [INFO] ThirdParty:999 - CMSIS Pack Vendor :STMicroelectronics FP-ATR-ASTRA1 1.1.1
2023-04-04 02:33:52,490 [INFO] ThirdParty:999 - CMSIS Pack Vendor :STMicroelectronics PDM2PCM 3.3.0
2023-04-04 02:33:52,490 [INFO] ThirdParty:999 - CMSIS Pack Vendor :STMicroelectronics X-CUBE-DISPLAY 3.0.0
2023-04-04 02:33:52,490 [INFO] ThirdParty:999 - CMSIS Pack Vendor :STMicroelectronics X-CUBE-BLEMGR 1.3.0
2023-04-04 02:33:52,490 [INFO] ThirdParty:999 - CMSIS Pack Vendor :STMicroelectronics X-CUBE-AZRTOS-G4 1.0.0
2023-04-04 02:33:52,490 [INFO] ThirdParty:999 - CMSIS Pack Vendor :STMicroelectronics FP-ATR-SIGFOX1 3.2.0
2023-04-04 02:33:52,490 [INFO] ThirdParty:999 - CMSIS Pack Vendor :wolfSSL I-CUBE-wolfSSL 5.5.4
2023-04-04 02:33:52,490 [INFO] ThirdParty:999 - CMSIS Pack Vendor :STMicroelectronics X-CUBE-AZRTOS-L4 1.0.0
2023-04-04 02:33:52,490 [INFO] ThirdParty:999 - CMSIS Pack Vendor :STMicroelectronics HAL Drivers 0.0.0
2023-04-04 02:33:52,490 [INFO] ThirdParty:999 - CMSIS Pack Vendor :STMicroelectronics MBEDTLS 2.16.2
2023-04-04 02:33:52,490 [INFO] ThirdParty:999 - CMSIS Pack Vendor :STMicroelectronics MBEDTLS 2.14.1
2023-04-04 02:33:52,490 [INFO] ThirdParty:999 - CMSIS Pack Vendor :STMicroelectronics X-CUBE-NFC7 1.0.0
2023-04-04 02:33:52,490 [INFO] ThirdParty:999 - CMSIS Pack Vendor :STMicroelectronics X-CUBE-AZRTOS-WL 1.0.0
2023-04-04 02:33:52,490 [INFO] ThirdParty:999 - CMSIS Pack Vendor :STMicroelectronics X-CUBE-EEPRMA1 4.1.0
2023-04-04 02:33:52,490 [INFO] ThirdParty:999 - CMSIS Pack Vendor :portGmbH I-Cube-SoM-uGOAL 1.1.0
2023-04-04 02:33:52,490 [INFO] ThirdParty:999 - CMSIS Pack Vendor :STMicroelectronics X-CUBE-ALS 1.0.1
2023-04-04 02:33:52,490 [INFO] ThirdParty:999 - CMSIS Pack Vendor :STMicroelectronics X-CUBE-MEMS1 9.5.0
2023-04-04 02:33:52,490 [INFO] ThirdParty:999 - CMSIS Pack Vendor :STMicroelectronics ThreadX 1.0.0
2023-04-04 02:33:52,490 [INFO] ThirdParty:999 - CMSIS Pack Vendor :STMicroelectronics X-CUBE-AZRTOS-WB 1.1.0
2023-04-04 02:33:52,490 [INFO] ThirdParty:999 - CMSIS Pack Vendor :SEGGER I-CUBE-embOS 1.3.1
2023-04-04 02:33:52,490 [INFO] ThirdParty:999 - CMSIS Pack Vendor :STMicroelectronics USB_DEVICE 1.0.0
2023-04-04 02:33:52,490 [INFO] ThirdParty:999 - CMSIS Pack Vendor :SEGGER I-CUBE-embOS 1.3.0
2023-04-04 02:33:52,490 [INFO] ThirdParty:999 - CMSIS Pack Vendor :STMicroelectronics ThreadX 0.0.2
2023-04-04 02:33:52,490 [INFO] ThirdParty:999 - CMSIS Pack Vendor :WES I-CUBE-Cesium 1.3.0
2023-04-04 02:33:52,490 [INFO] ThirdParty:999 - CMSIS Pack Vendor :STMicroelectronics lwIP 2.1.2
2023-04-04 02:33:52,492 [INFO] ThirdParty:999 - CMSIS Pack Vendor :STMicroelectronics X-CUBE-SFXS2LP1 4.0.0
2023-04-04 02:33:52,492 [INFO] ThirdParty:999 - CMSIS Pack Vendor :STMicroelectronics X-CUBE-BLE2 3.3.0
2023-04-04 02:33:52,492 [INFO] ThirdParty:999 - CMSIS Pack Vendor :STMicroelectronics X-CUBE-DISPLAY 2.2.0
2023-04-04 02:33:52,492 [INFO] ThirdParty:999 - CMSIS Pack Vendor :STMicroelectronics X-CUBE-TOF1 3.2.0
2023-04-04 02:33:52,492 [INFO] ThirdParty:999 - CMSIS Pack Vendor :STMicroelectronics PDM2PCM 3.2.0
2023-04-04 02:33:52,492 [INFO] ThirdParty:999 - CMSIS Pack Vendor :STMicroelectronics X-CUBE-AZRTOS-H7 3.0.0
2023-04-04 02:33:52,492 [INFO] ThirdParty:815 - exiting critical section [change project]
2023-04-04 02:33:52,833 [INFO] PinOutPanel:1477 - setPackage(No Configuration,No Configuration)
2023-04-04 02:33:52,835 [INFO] PinOutPanel:1477 - setPackage(STM32L4R5ZITxP,LQFP144)
2023-04-04 02:33:53,276 [INFO] UtilMem:74 - Before build in PCC Used Memory: 662000600 Bytes (1059061760)
2023-04-04 02:33:53,667 [INFO] UtilMem:74 - After build in PCC Used Memory: 766431880 Bytes (1059061760)
2023-04-04 02:33:53,689 [INFO] IPUIPlugin:79 - create IPUIPlugin
2023-04-04 02:33:53,689 [INFO] IPUIPlugin:79 - create IPUIPlugin
2023-04-04 02:33:53,689 [INFO] IPUIPlugin:79 - create IPUIPlugin
2023-04-04 02:33:53,689 [INFO] IPUIPlugin:79 - create IPUIPlugin
2023-04-04 02:33:53,689 [INFO] IPUIPlugin:79 - create IPUIPlugin
2023-04-04 02:33:53,690 [INFO] IPUIPlugin:79 - create IPUIPlugin
2023-04-04 02:33:53,690 [INFO] IPUIPlugin:79 - create IPUIPlugin
2023-04-04 02:33:53,690 [INFO] IPUIPlugin:79 - create IPUIPlugin
2023-04-04 02:33:53,690 [INFO] IPUIPlugin:79 - create IPUIPlugin
2023-04-04 02:33:53,690 [INFO] IPUIPlugin:79 - create IPUIPlugin
2023-04-04 02:33:53,690 [INFO] IPUIPlugin:79 - create IPUIPlugin
2023-04-04 02:33:53,690 [INFO] IPUIPlugin:79 - create IPUIPlugin
2023-04-04 02:33:53,690 [INFO] IPUIPlugin:79 - create IPUIPlugin
2023-04-04 02:33:53,690 [INFO] IPUIPlugin:79 - create IPUIPlugin
2023-04-04 02:33:53,692 [INFO] IPUIPlugin:79 - create IPUIPlugin
2023-04-04 02:33:53,692 [INFO] IPUIPlugin:79 - create IPUIPlugin
2023-04-04 02:33:53,692 [INFO] IPUIPlugin:79 - create IPUIPlugin
2023-04-04 02:33:53,692 [INFO] IPUIPlugin:79 - create IPUIPlugin
2023-04-04 02:33:53,692 [INFO] IPUIPlugin:79 - create IPUIPlugin
2023-04-04 02:33:53,692 [INFO] IPUIPlugin:79 - create IPUIPlugin
2023-04-04 02:33:53,692 [INFO] IPUIPlugin:79 - create IPUIPlugin
2023-04-04 02:33:53,693 [INFO] IPUIPlugin:79 - create IPUIPlugin
2023-04-04 02:33:53,693 [INFO] IPUIPlugin:79 - create IPUIPlugin
2023-04-04 02:33:53,694 [INFO] IPUIPlugin:79 - create IPUIPlugin
2023-04-04 02:33:53,694 [INFO] IPUIPlugin:79 - create IPUIPlugin
2023-04-04 02:33:53,694 [INFO] IPUIPlugin:79 - create IPUIPlugin
2023-04-04 02:33:53,695 [INFO] IPUIPlugin:79 - create IPUIPlugin
2023-04-04 02:33:53,695 [INFO] IPUIPlugin:79 - create IPUIPlugin
2023-04-04 02:33:53,695 [INFO] IPUIPlugin:79 - create IPUIPlugin
2023-04-04 02:33:53,695 [INFO] IPUIPlugin:79 - create IPUIPlugin
2023-04-04 02:33:53,695 [INFO] IPUIPlugin:79 - create IPUIPlugin
2023-04-04 02:33:53,696 [INFO] IPUIPlugin:79 - create IPUIPlugin
2023-04-04 02:33:53,696 [INFO] IPUIPlugin:79 - create IPUIPlugin
2023-04-04 02:33:53,696 [INFO] IPUIPlugin:79 - create IPUIPlugin
2023-04-04 02:33:53,696 [INFO] IPUIPlugin:79 - create IPUIPlugin
2023-04-04 02:33:53,696 [INFO] IPUIPlugin:79 - create IPUIPlugin
2023-04-04 02:33:53,697 [INFO] IPUIPlugin:79 - create IPUIPlugin
2023-04-04 02:33:53,697 [INFO] IPUIPlugin:79 - create IPUIPlugin
2023-04-04 02:33:53,697 [INFO] IPUIPlugin:79 - create IPUIPlugin
2023-04-04 02:33:53,698 [INFO] IPUIPlugin:79 - create IPUIPlugin
2023-04-04 02:33:53,698 [INFO] IPUIPlugin:79 - create IPUIPlugin
2023-04-04 02:33:53,698 [INFO] IPUIPlugin:79 - create IPUIPlugin
2023-04-04 02:33:53,698 [INFO] IPUIPlugin:79 - create IPUIPlugin
2023-04-04 02:33:53,699 [INFO] IPUIPlugin:79 - create IPUIPlugin
2023-04-04 02:33:53,699 [INFO] IPUIPlugin:79 - create IPUIPlugin
2023-04-04 02:33:53,699 [INFO] IPUIPlugin:79 - create IPUIPlugin
2023-04-04 02:33:53,699 [INFO] IPUIPlugin:79 - create IPUIPlugin
2023-04-04 02:33:53,700 [INFO] IPUIPlugin:79 - create IPUIPlugin
2023-04-04 02:33:53,700 [INFO] IPUIPlugin:79 - create IPUIPlugin
2023-04-04 02:33:53,700 [INFO] IPUIPlugin:79 - create IPUIPlugin
2023-04-04 02:33:53,700 [INFO] IPUIPlugin:79 - create IPUIPlugin
2023-04-04 02:33:53,701 [INFO] IPUIPlugin:79 - create IPUIPlugin
2023-04-04 02:33:53,701 [INFO] IPUIPlugin:79 - create IPUIPlugin
2023-04-04 02:33:53,701 [INFO] IPUIPlugin:79 - create IPUIPlugin
2023-04-04 02:33:53,702 [INFO] IPUIPlugin:79 - create IPUIPlugin
2023-04-04 02:33:53,702 [INFO] IPUIPlugin:79 - create IPUIPlugin
2023-04-04 02:33:53,702 [INFO] IPUIPlugin:79 - create IPUIPlugin
2023-04-04 02:33:53,703 [INFO] IPUIPlugin:79 - create IPUIPlugin
2023-04-04 02:33:53,703 [INFO] IPUIPlugin:79 - create IPUIPlugin
2023-04-04 02:33:53,704 [INFO] IPUIPlugin:79 - create IPUIPlugin
2023-04-04 02:33:53,704 [INFO] IPUIPlugin:79 - create IPUIPlugin
2023-04-04 02:33:53,770 [INFO] CADModel:164 - CPN selected for project levelSTM32L4R5ZIT6P
2023-04-04 02:33:53,770 [INFO] CADModel:113 - Register for checkConnection events
2023-04-04 02:33:53,846 [INFO] OpenFileManager:327 - Restore cursor
2023-04-04 02:37:43,263 [INFO] NvicIntPanel:100 - NVIC parent = com.st.microxplorer.plugins.ip.nvic.MultiNvicIntPanel[,0,0,0x0,invalid,layout=javax.swing.BoxLayout,alignmentX=0.0,alignmentY=0.0,border=,flags=9,maximumSize=,minimumSize=,preferredSize=]
2023-04-04 02:39:51,996 [INFO] UtilMem:74 - End SaveConfig() Used Memory: 627118656 Bytes (1059061760)
2023-04-04 02:39:52,104 [INFO] UtilMem:74 - End SaveConfig() Used Memory: 644944448 Bytes (1059061760)
2023-04-04 02:39:54,110 [INFO] UtilMem:74 - End SaveConfig() Used Memory: 705761856 Bytes (1059061760)
2023-04-04 02:39:54,458 [INFO] BlockDiagram:2759 - set Specific Code input for plugin: SYS
2023-04-04 02:39:54,459 [INFO] BlockDiagram:2759 - set Specific Code input for plugin: RCC
2023-04-04 02:39:54,459 [INFO] BlockDiagram:2759 - set Specific Code input for plugin: NVIC
2023-04-04 02:39:54,459 [INFO] BlockDiagram:2759 - set Specific Code input for plugin: USART
2023-04-04 02:39:54,459 [INFO] BlockDiagram:2759 - set Specific Code input for plugin: GPIO
2023-04-04 02:39:54,460 [INFO] CodeGenerator:692 - code generatio: config db path: C:/Users/Jeremy/.stm32cubemx/databases/DB.6.0.60/db/
2023-04-04 02:39:54,759 [INFO] CodeEngine:247 - oldGeneratedFile, C:\Users\Jeremy\Documents\W23\373\finalProject\AutomatedChess\motorDriving\MXTmpFiles\license.tmp_save
2023-04-04 02:39:54,920 [INFO] CodeEngine:271 - Generated code: C:\Users\Jeremy\Documents\W23\373\finalProject\AutomatedChess\motorDriving\MXTmpFiles\license.tmp
2023-04-04 02:39:55,167 [INFO] CodeEngine:247 - oldGeneratedFile, C:\Users\Jeremy\Documents\W23\373\finalProject\AutomatedChess\motorDriving\MXTmpFiles\gpio.tmp_save
2023-04-04 02:39:55,304 [INFO] CodeEngine:271 - Generated code: C:\Users\Jeremy\Documents\W23\373\finalProject\AutomatedChess\motorDriving\MXTmpFiles\gpio.tmp
2023-04-04 02:39:55,851 [INFO] CodeEngine:247 - oldGeneratedFile, C:\Users\Jeremy\Documents\W23\373\finalProject\AutomatedChess\motorDriving\Core\Src\stm32l4xx_it.c_save
2023-04-04 02:39:56,071 [INFO] CodeEngine:271 - Generated code: C:\Users\Jeremy\Documents\W23\373\finalProject\AutomatedChess\motorDriving\Core\Src\stm32l4xx_it.c
2023-04-04 02:39:56,081 [INFO] CodeEngine:247 - oldGeneratedFile, C:\Users\Jeremy\Documents\W23\373\finalProject\AutomatedChess\motorDriving\Core\Inc\stm32l4xx_it.h_save
2023-04-04 02:39:56,178 [INFO] CodeEngine:271 - Generated code: C:\Users\Jeremy\Documents\W23\373\finalProject\AutomatedChess\motorDriving\Core\Inc\stm32l4xx_it.h
2023-04-04 02:39:56,206 [INFO] CodeEngine:247 - oldGeneratedFile, C:\Users\Jeremy\Documents\W23\373\finalProject\AutomatedChess\motorDriving\Core\Src\stm32l4xx_hal_msp.c_save
2023-04-04 02:39:56,410 [INFO] CodeEngine:271 - Generated code: C:\Users\Jeremy\Documents\W23\373\finalProject\AutomatedChess\motorDriving\Core\Src\stm32l4xx_hal_msp.c
2023-04-04 02:39:56,416 [INFO] CodeEngine:247 - oldGeneratedFile, C:\Users\Jeremy\Documents\W23\373\finalProject\AutomatedChess\motorDriving\MXTmpFiles\system.tmp_save
2023-04-04 02:39:56,501 [INFO] CodeEngine:271 - Generated code: C:\Users\Jeremy\Documents\W23\373\finalProject\AutomatedChess\motorDriving\MXTmpFiles\system.tmp
2023-04-04 02:39:56,524 [INFO] CodeEngine:303 - oldGeneratedFile, C:\Users\Jeremy\Documents\W23\373\finalProject\AutomatedChess\motorDriving\Core\Inc\stm32l4xx_hal_conf.h_save
2023-04-04 02:39:56,636 [INFO] CodeEngine:327 - Generated code: C:\Users\Jeremy\Documents\W23\373\finalProject\AutomatedChess\motorDriving\Core\Inc\stm32l4xx_hal_conf.h
2023-04-04 02:39:56,689 [INFO] CodeEngine:247 - oldGeneratedFile, C:\Users\Jeremy\Documents\W23\373\finalProject\AutomatedChess\motorDriving\Core\Inc\main.h_save
2023-04-04 02:39:56,798 [INFO] CodeEngine:271 - Generated code: C:\Users\Jeremy\Documents\W23\373\finalProject\AutomatedChess\motorDriving\Core\Inc\main.h
2023-04-04 02:39:56,815 [INFO] CodeEngine:247 - oldGeneratedFile, C:\Users\Jeremy\Documents\W23\373\finalProject\AutomatedChess\motorDriving\Core\Src\main.c_save
2023-04-04 02:39:56,977 [INFO] CodeEngine:271 - Generated code: C:\Users\Jeremy\Documents\W23\373\finalProject\AutomatedChess\motorDriving\Core\Src\main.c
2023-04-04 02:39:57,998 [INFO] ProjectBuilder:2919 - Time for Copy HAL[1] : 387mS.
2023-04-04 02:39:58,003 [INFO] ProjectBuilder:4183 - Project Generator version: 3.18.0-B7
2023-04-04 02:39:58,343 [INFO] ConfigFileManager:1396 - The Die is : DIE470
2023-04-04 02:39:58,346 [INFO] ApiDbMcu:505 - Load IP Config File for FATFS
2023-04-04 02:39:58,351 [INFO] ApiDbMcu:505 - Load IP Config File for FREERTOS
2023-04-04 02:39:58,418 [INFO] ApiDbMcu:505 - Load IP Config File for TOUCHSENSING
2023-04-04 02:39:58,425 [INFO] ApiDbMcu:505 - Load IP Config File for USB_DEVICE
2023-04-04 02:39:58,430 [INFO] ApiDbMcu:505 - Load IP Config File for USB_HOST
2023-04-04 02:39:59,906 [INFO] ProjectBuilder:4351 - Time for Generating toolchain IDE Files: 1903mS.
2023-04-04 02:39:59,908 [INFO] ProjectBuilder:2790 - Time for Copy CMSIS : 1mS.
2023-04-04 02:39:59,919 [INFO] ProjectBuilder:2790 - Time for Copy CMSIS : 1mS.
